2024-09-14T00:03:08.577+05:30  INFO 10576 --- [HotelBooking] [main] c.M.H.HotelBookingApplication            : Starting HotelBookingApplication using Java 21 with PID 10576 (C:\Users\admin\IdeaProjects\HotelBooking\target\classes started by admin in C:\Users\admin\IdeaProjects\HotelBooking)
2024-09-14T00:03:08.581+05:30  INFO 10576 --- [HotelBooking] [main] c.M.H.HotelBookingApplication            : No active profile set, falling back to 1 default profile: "default"
2024-09-14T00:03:09.641+05:30  INFO 10576 --- [HotelBooking] [main] .s.d.r.c.RepositoryConfigurationDelegate : Bootstrapping Spring Data JPA repositories in DEFAULT mode.
2024-09-14T00:03:09.758+05:30  INFO 10576 --- [HotelBooking] [main] .s.d.r.c.RepositoryConfigurationDelegate : Finished Spring Data repository scanning in 103 ms. Found 4 JPA repository interfaces.
2024-09-14T00:03:10.622+05:30  INFO 10576 --- [HotelBooking] [main] o.s.b.w.embedded.tomcat.TomcatWebServer  : Tomcat initialized with port 8080 (http)
2024-09-14T00:03:10.638+05:30  INFO 10576 --- [HotelBooking] [main] o.apache.catalina.core.StandardService   : Starting service [Tomcat]
2024-09-14T00:03:10.639+05:30  INFO 10576 --- [HotelBooking] [main] o.apache.catalina.core.StandardEngine    : Starting Servlet engine: [Apache Tomcat/10.1.28]
2024-09-14T00:03:10.715+05:30  INFO 10576 --- [HotelBooking] [main] o.a.c.c.C.[.[localhost].[/HotelHub]      : Initializing Spring embedded WebApplicationContext
2024-09-14T00:03:10.715+05:30  INFO 10576 --- [HotelBooking] [main] w.s.c.ServletWebServerApplicationContext : Root WebApplicationContext: initialization completed in 2058 ms
2024-09-14T00:03:10.997+05:30  INFO 10576 --- [HotelBooking] [main] o.hibernate.jpa.internal.util.LogHelper  : HHH000204: Processing PersistenceUnitInfo [name: default]
2024-09-14T00:03:11.082+05:30  INFO 10576 --- [HotelBooking] [main] org.hibernate.Version                    : HHH000412: Hibernate ORM core version 6.4.10.Final
2024-09-14T00:03:11.132+05:30  INFO 10576 --- [HotelBooking] [main] o.h.c.internal.RegionFactoryInitiator    : HHH000026: Second-level cache disabled
2024-09-14T00:03:11.458+05:30  INFO 10576 --- [HotelBooking] [main] o.s.o.j.p.SpringPersistenceUnitInfo      : No LoadTimeWeaver setup: ignoring JPA class transformer
2024-09-14T00:03:11.491+05:30  INFO 10576 --- [HotelBooking] [main] com.zaxxer.hikari.HikariDataSource       : HikariPool-1 - Starting...
2024-09-14T00:03:11.695+05:30  INFO 10576 --- [HotelBooking] [main] com.zaxxer.hikari.pool.HikariPool        : HikariPool-1 - Added connection com.mysql.cj.jdbc.ConnectionImpl@30159886
2024-09-14T00:03:11.698+05:30  INFO 10576 --- [HotelBooking] [main] com.zaxxer.hikari.HikariDataSource       : HikariPool-1 - Start completed.
2024-09-14T00:03:11.752+05:30  WARN 10576 --- [HotelBooking] [main] org.hibernate.dialect.Dialect            : HHH000511: The 5.5.0 version for [org.hibernate.dialect.MySQLDialect] is no longer supported, hence certain features may not work properly. The minimum supported version is 8.0.0. Check the community dialects project for available legacy versions.
2024-09-14T00:03:11.757+05:30  WARN 10576 --- [HotelBooking] [main] org.hibernate.orm.deprecation            : HHH90000025: MySQLDialect does not need to be specified explicitly using 'hibernate.dialect' (remove the property setting and it will be selected by default)
2024-09-14T00:03:12.919+05:30  INFO 10576 --- [HotelBooking] [main] o.h.e.t.j.p.i.JtaPlatformInitiator       : HHH000489: No JTA platform available (set 'hibernate.transaction.jta.platform' to enable JTA platform integration)
2024-09-14T00:03:13.035+05:30  INFO 10576 --- [HotelBooking] [main] j.LocalContainerEntityManagerFactoryBean : Initialized JPA EntityManagerFactory for persistence unit 'default'
2024-09-14T00:03:13.434+05:30  WARN 10576 --- [HotelBooking] [main] JpaBaseConfiguration$JpaWebConfiguration : spring.jpa.open-in-view is enabled by default. Therefore, database queries may be performed during view rendering. Explicitly configure spring.jpa.open-in-view to disable this warning
2024-09-14T00:03:14.045+05:30  INFO 10576 --- [HotelBooking] [main] o.s.b.w.embedded.tomcat.TomcatWebServer  : Tomcat started on port 8080 (http) with context path '/HotelHub'
2024-09-14T00:03:14.062+05:30  INFO 10576 --- [HotelBooking] [main] c.M.H.HotelBookingApplication            : Started HotelBookingApplication in 6.191 seconds (process running for 6.804)
2024-09-14T00:06:19.536+05:30  INFO 10576 --- [HotelBooking] [SpringApplicationShutdownHook] j.LocalContainerEntityManagerFactoryBean : Closing JPA EntityManagerFactory for persistence unit 'default'
2024-09-14T00:06:19.539+05:30  INFO 10576 --- [HotelBooking] [SpringApplicationShutdownHook] com.zaxxer.hikari.HikariDataSource       : HikariPool-1 - Shutdown initiated...
2024-09-14T00:06:19.546+05:30  INFO 10576 --- [HotelBooking] [SpringApplicationShutdownHook] com.zaxxer.hikari.HikariDataSource       : HikariPool-1 - Shutdown completed.
2024-09-14T00:06:22.246+05:30  INFO 14932 --- [HotelBooking] [main] c.M.H.HotelBookingApplication            : Starting HotelBookingApplication using Java 21 with PID 14932 (C:\Users\admin\IdeaProjects\HotelBooking\target\classes started by admin in C:\Users\admin\IdeaProjects\HotelBooking)
2024-09-14T00:06:22.249+05:30  INFO 14932 --- [HotelBooking] [main] c.M.H.HotelBookingApplication            : No active profile set, falling back to 1 default profile: "default"
2024-09-14T00:06:23.291+05:30  INFO 14932 --- [HotelBooking] [main] .s.d.r.c.RepositoryConfigurationDelegate : Bootstrapping Spring Data JPA repositories in DEFAULT mode.
2024-09-14T00:06:23.412+05:30  INFO 14932 --- [HotelBooking] [main] .s.d.r.c.RepositoryConfigurationDelegate : Finished Spring Data repository scanning in 107 ms. Found 4 JPA repository interfaces.
2024-09-14T00:06:24.257+05:30  INFO 14932 --- [HotelBooking] [main] o.s.b.w.embedded.tomcat.TomcatWebServer  : Tomcat initialized with port 8080 (http)
2024-09-14T00:06:24.273+05:30  INFO 14932 --- [HotelBooking] [main] o.apache.catalina.core.StandardService   : Starting service [Tomcat]
2024-09-14T00:06:24.274+05:30  INFO 14932 --- [HotelBooking] [main] o.apache.catalina.core.StandardEngine    : Starting Servlet engine: [Apache Tomcat/10.1.28]
2024-09-14T00:06:24.349+05:30  INFO 14932 --- [HotelBooking] [main] o.a.c.c.C.[.[localhost].[/HotelHub]      : Initializing Spring embedded WebApplicationContext
2024-09-14T00:06:24.349+05:30  INFO 14932 --- [HotelBooking] [main] w.s.c.ServletWebServerApplicationContext : Root WebApplicationContext: initialization completed in 2022 ms
2024-09-14T00:06:24.640+05:30  INFO 14932 --- [HotelBooking] [main] o.hibernate.jpa.internal.util.LogHelper  : HHH000204: Processing PersistenceUnitInfo [name: default]
2024-09-14T00:06:24.722+05:30  INFO 14932 --- [HotelBooking] [main] org.hibernate.Version                    : HHH000412: Hibernate ORM core version 6.4.10.Final
2024-09-14T00:06:24.766+05:30  INFO 14932 --- [HotelBooking] [main] o.h.c.internal.RegionFactoryInitiator    : HHH000026: Second-level cache disabled
2024-09-14T00:06:25.091+05:30  INFO 14932 --- [HotelBooking] [main] o.s.o.j.p.SpringPersistenceUnitInfo      : No LoadTimeWeaver setup: ignoring JPA class transformer
2024-09-14T00:06:25.119+05:30  INFO 14932 --- [HotelBooking] [main] com.zaxxer.hikari.HikariDataSource       : HikariPool-1 - Starting...
2024-09-14T00:06:25.326+05:30  INFO 14932 --- [HotelBooking] [main] com.zaxxer.hikari.pool.HikariPool        : HikariPool-1 - Added connection com.mysql.cj.jdbc.ConnectionImpl@c472300
2024-09-14T00:06:25.329+05:30  INFO 14932 --- [HotelBooking] [main] com.zaxxer.hikari.HikariDataSource       : HikariPool-1 - Start completed.
2024-09-14T00:06:25.378+05:30  WARN 14932 --- [HotelBooking] [main] org.hibernate.dialect.Dialect            : HHH000511: The 5.5.0 version for [org.hibernate.dialect.MySQLDialect] is no longer supported, hence certain features may not work properly. The minimum supported version is 8.0.0. Check the community dialects project for available legacy versions.
2024-09-14T00:06:25.384+05:30  WARN 14932 --- [HotelBooking] [main] org.hibernate.orm.deprecation            : HHH90000025: MySQLDialect does not need to be specified explicitly using 'hibernate.dialect' (remove the property setting and it will be selected by default)
2024-09-14T00:06:26.479+05:30  INFO 14932 --- [HotelBooking] [main] o.h.e.t.j.p.i.JtaPlatformInitiator       : HHH000489: No JTA platform available (set 'hibernate.transaction.jta.platform' to enable JTA platform integration)
2024-09-14T00:06:26.601+05:30  INFO 14932 --- [HotelBooking] [main] j.LocalContainerEntityManagerFactoryBean : Initialized JPA EntityManagerFactory for persistence unit 'default'
2024-09-14T00:06:26.999+05:30  WARN 14932 --- [HotelBooking] [main] JpaBaseConfiguration$JpaWebConfiguration : spring.jpa.open-in-view is enabled by default. Therefore, database queries may be performed during view rendering. Explicitly configure spring.jpa.open-in-view to disable this warning
2024-09-14T00:06:27.598+05:30  INFO 14932 --- [HotelBooking] [main] o.s.b.w.embedded.tomcat.TomcatWebServer  : Tomcat started on port 8080 (http) with context path '/HotelHub'
2024-09-14T00:06:27.611+05:30  INFO 14932 --- [HotelBooking] [main] c.M.H.HotelBookingApplication            : Started HotelBookingApplication in 6.117 seconds (process running for 6.767)
2024-09-14T00:06:27.702+05:30  INFO 14932 --- [HotelBooking] [http-nio-8080-exec-1] o.a.c.c.C.[.[localhost].[/HotelHub]      : Initializing Spring DispatcherServlet 'dispatcherServlet'
2024-09-14T00:06:27.702+05:30  INFO 14932 --- [HotelBooking] [http-nio-8080-exec-1] o.s.web.servlet.DispatcherServlet        : Initializing Servlet 'dispatcherServlet'
2024-09-14T00:06:27.705+05:30  INFO 14932 --- [HotelBooking] [http-nio-8080-exec-1] o.s.web.servlet.DispatcherServlet        : Completed initialization in 3 ms
2024-09-14T00:06:27.937+05:30 DEBUG 14932 --- [HotelBooking] [http-nio-8080-exec-1] org.hibernate.SQL                        : 
    select
        h1_0.hotel_id,
        h1_0.amenities,
        h1_0.city,
        h1_0.country,
        h1_0.email,
        h1_0.hotel_address,
        h1_0.hotel_name,
        h1_0.phone_number,
        h1_0.postal_code,
        h1_0.price_per_night,
        h1_0.star_rating,
        h1_0.state,
        h1_0.total_rooms,
        h1_0.website 
    from
        hotel h1_0
2024-09-14T00:06:28.047+05:30 DEBUG 14932 --- [HotelBooking] [http-nio-8080-exec-1] org.hibernate.SQL                        : 
    select
        r1_0.hotel_id,
        r1_0.room_id,
        r1_0.bed_type,
        r1_0.is_available,
        r1_0.price_per_night,
        r1_0.room_number,
        r1_0.room_type 
    from
        room r1_0 
    where
        r1_0.hotel_id=?
2024-09-14T00:06:28.051+05:30 DEBUG 14932 --- [HotelBooking] [http-nio-8080-exec-1] org.hibernate.SQL                        : 
    select
        r1_0.hotel_id,
        r1_0.room_id,
        r1_0.bed_type,
        r1_0.is_available,
        r1_0.price_per_night,
        r1_0.room_number,
        r1_0.room_type 
    from
        room r1_0 
    where
        r1_0.hotel_id=?
2024-09-14T00:06:28.053+05:30 DEBUG 14932 --- [HotelBooking] [http-nio-8080-exec-1] org.hibernate.SQL                        : 
    select
        r1_0.hotel_id,
        r1_0.room_id,
        r1_0.bed_type,
        r1_0.is_available,
        r1_0.price_per_night,
        r1_0.room_number,
        r1_0.room_type 
    from
        room r1_0 
    where
        r1_0.hotel_id=?
2024-09-14T00:06:28.055+05:30 DEBUG 14932 --- [HotelBooking] [http-nio-8080-exec-1] org.hibernate.SQL                        : 
    select
        r1_0.hotel_id,
        r1_0.room_id,
        r1_0.bed_type,
        r1_0.is_available,
        r1_0.price_per_night,
        r1_0.room_number,
        r1_0.room_type 
    from
        room r1_0 
    where
        r1_0.hotel_id=?
2024-09-14T00:06:28.057+05:30 DEBUG 14932 --- [HotelBooking] [http-nio-8080-exec-1] org.hibernate.SQL                        : 
    select
        r1_0.hotel_id,
        r1_0.room_id,
        r1_0.bed_type,
        r1_0.is_available,
        r1_0.price_per_night,
        r1_0.room_number,
        r1_0.room_type 
    from
        room r1_0 
    where
        r1_0.hotel_id=?
2024-09-14T00:07:03.305+05:30 DEBUG 14932 --- [HotelBooking] [http-nio-8080-exec-2] org.hibernate.SQL                        : 
    select
        h1_0.hotel_id,
        h1_0.amenities,
        h1_0.city,
        h1_0.country,
        h1_0.email,
        h1_0.hotel_address,
        h1_0.hotel_name,
        h1_0.phone_number,
        h1_0.postal_code,
        h1_0.price_per_night,
        h1_0.star_rating,
        h1_0.state,
        h1_0.total_rooms,
        h1_0.website 
    from
        hotel h1_0
2024-09-14T00:07:03.311+05:30 DEBUG 14932 --- [HotelBooking] [http-nio-8080-exec-2] org.hibernate.SQL                        : 
    select
        r1_0.hotel_id,
        r1_0.room_id,
        r1_0.bed_type,
        r1_0.is_available,
        r1_0.price_per_night,
        r1_0.room_number,
        r1_0.room_type 
    from
        room r1_0 
    where
        r1_0.hotel_id=?
2024-09-14T00:07:03.314+05:30 DEBUG 14932 --- [HotelBooking] [http-nio-8080-exec-2] org.hibernate.SQL                        : 
    select
        r1_0.hotel_id,
        r1_0.room_id,
        r1_0.bed_type,
        r1_0.is_available,
        r1_0.price_per_night,
        r1_0.room_number,
        r1_0.room_type 
    from
        room r1_0 
    where
        r1_0.hotel_id=?
2024-09-14T00:07:03.316+05:30 DEBUG 14932 --- [HotelBooking] [http-nio-8080-exec-2] org.hibernate.SQL                        : 
    select
        r1_0.hotel_id,
        r1_0.room_id,
        r1_0.bed_type,
        r1_0.is_available,
        r1_0.price_per_night,
        r1_0.room_number,
        r1_0.room_type 
    from
        room r1_0 
    where
        r1_0.hotel_id=?
2024-09-14T00:07:03.319+05:30 DEBUG 14932 --- [HotelBooking] [http-nio-8080-exec-2] org.hibernate.SQL                        : 
    select
        r1_0.hotel_id,
        r1_0.room_id,
        r1_0.bed_type,
        r1_0.is_available,
        r1_0.price_per_night,
        r1_0.room_number,
        r1_0.room_type 
    from
        room r1_0 
    where
        r1_0.hotel_id=?
2024-09-14T00:07:03.321+05:30 DEBUG 14932 --- [HotelBooking] [http-nio-8080-exec-2] org.hibernate.SQL                        : 
    select
        r1_0.hotel_id,
        r1_0.room_id,
        r1_0.bed_type,
        r1_0.is_available,
        r1_0.price_per_night,
        r1_0.room_number,
        r1_0.room_type 
    from
        room r1_0 
    where
        r1_0.hotel_id=?
2024-09-14T00:11:25.880+05:30 DEBUG 14932 --- [HotelBooking] [http-nio-8080-exec-6] org.hibernate.SQL                        : 
    select
        h1_0.hotel_id,
        h1_0.amenities,
        h1_0.city,
        h1_0.country,
        h1_0.email,
        h1_0.hotel_address,
        h1_0.hotel_name,
        h1_0.phone_number,
        h1_0.postal_code,
        h1_0.price_per_night,
        h1_0.star_rating,
        h1_0.state,
        h1_0.total_rooms,
        h1_0.website 
    from
        hotel h1_0
2024-09-14T00:11:25.886+05:30 DEBUG 14932 --- [HotelBooking] [http-nio-8080-exec-6] org.hibernate.SQL                        : 
    select
        r1_0.hotel_id,
        r1_0.room_id,
        r1_0.bed_type,
        r1_0.is_available,
        r1_0.price_per_night,
        r1_0.room_number,
        r1_0.room_type 
    from
        room r1_0 
    where
        r1_0.hotel_id=?
2024-09-14T00:11:25.889+05:30 DEBUG 14932 --- [HotelBooking] [http-nio-8080-exec-6] org.hibernate.SQL                        : 
    select
        r1_0.hotel_id,
        r1_0.room_id,
        r1_0.bed_type,
        r1_0.is_available,
        r1_0.price_per_night,
        r1_0.room_number,
        r1_0.room_type 
    from
        room r1_0 
    where
        r1_0.hotel_id=?
2024-09-14T00:11:25.891+05:30 DEBUG 14932 --- [HotelBooking] [http-nio-8080-exec-6] org.hibernate.SQL                        : 
    select
        r1_0.hotel_id,
        r1_0.room_id,
        r1_0.bed_type,
        r1_0.is_available,
        r1_0.price_per_night,
        r1_0.room_number,
        r1_0.room_type 
    from
        room r1_0 
    where
        r1_0.hotel_id=?
2024-09-14T00:11:25.893+05:30 DEBUG 14932 --- [HotelBooking] [http-nio-8080-exec-6] org.hibernate.SQL                        : 
    select
        r1_0.hotel_id,
        r1_0.room_id,
        r1_0.bed_type,
        r1_0.is_available,
        r1_0.price_per_night,
        r1_0.room_number,
        r1_0.room_type 
    from
        room r1_0 
    where
        r1_0.hotel_id=?
2024-09-14T00:11:25.895+05:30 DEBUG 14932 --- [HotelBooking] [http-nio-8080-exec-6] org.hibernate.SQL                        : 
    select
        r1_0.hotel_id,
        r1_0.room_id,
        r1_0.bed_type,
        r1_0.is_available,
        r1_0.price_per_night,
        r1_0.room_number,
        r1_0.room_type 
    from
        room r1_0 
    where
        r1_0.hotel_id=?
2024-09-14T00:13:18.934+05:30  INFO 14932 --- [HotelBooking] [SpringApplicationShutdownHook] j.LocalContainerEntityManagerFactoryBean : Closing JPA EntityManagerFactory for persistence unit 'default'
2024-09-14T00:13:18.937+05:30  INFO 14932 --- [HotelBooking] [SpringApplicationShutdownHook] com.zaxxer.hikari.HikariDataSource       : HikariPool-1 - Shutdown initiated...
2024-09-14T00:13:18.946+05:30  INFO 14932 --- [HotelBooking] [SpringApplicationShutdownHook] com.zaxxer.hikari.HikariDataSource       : HikariPool-1 - Shutdown completed.
2024-09-14T00:13:21.946+05:30  INFO 13512 --- [HotelBooking] [main] c.M.H.HotelBookingApplication            : Starting HotelBookingApplication using Java 21 with PID 13512 (C:\Users\admin\IdeaProjects\HotelBooking\target\classes started by admin in C:\Users\admin\IdeaProjects\HotelBooking)
2024-09-14T00:13:21.950+05:30  INFO 13512 --- [HotelBooking] [main] c.M.H.HotelBookingApplication            : No active profile set, falling back to 1 default profile: "default"
2024-09-14T00:13:22.990+05:30  INFO 13512 --- [HotelBooking] [main] .s.d.r.c.RepositoryConfigurationDelegate : Bootstrapping Spring Data JPA repositories in DEFAULT mode.
2024-09-14T00:13:23.104+05:30  INFO 13512 --- [HotelBooking] [main] .s.d.r.c.RepositoryConfigurationDelegate : Finished Spring Data repository scanning in 101 ms. Found 4 JPA repository interfaces.
2024-09-14T00:13:23.946+05:30  INFO 13512 --- [HotelBooking] [main] o.s.b.w.embedded.tomcat.TomcatWebServer  : Tomcat initialized with port 8080 (http)
2024-09-14T00:13:23.964+05:30  INFO 13512 --- [HotelBooking] [main] o.apache.catalina.core.StandardService   : Starting service [Tomcat]
2024-09-14T00:13:23.964+05:30  INFO 13512 --- [HotelBooking] [main] o.apache.catalina.core.StandardEngine    : Starting Servlet engine: [Apache Tomcat/10.1.28]
2024-09-14T00:13:24.045+05:30  INFO 13512 --- [HotelBooking] [main] o.a.c.c.C.[.[localhost].[/HotelHub]      : Initializing Spring embedded WebApplicationContext
2024-09-14T00:13:24.045+05:30  INFO 13512 --- [HotelBooking] [main] w.s.c.ServletWebServerApplicationContext : Root WebApplicationContext: initialization completed in 2015 ms
2024-09-14T00:13:24.323+05:30  INFO 13512 --- [HotelBooking] [main] o.hibernate.jpa.internal.util.LogHelper  : HHH000204: Processing PersistenceUnitInfo [name: default]
2024-09-14T00:13:24.420+05:30  INFO 13512 --- [HotelBooking] [main] org.hibernate.Version                    : HHH000412: Hibernate ORM core version 6.4.10.Final
2024-09-14T00:13:24.480+05:30  INFO 13512 --- [HotelBooking] [main] o.h.c.internal.RegionFactoryInitiator    : HHH000026: Second-level cache disabled
2024-09-14T00:13:24.817+05:30  INFO 13512 --- [HotelBooking] [main] o.s.o.j.p.SpringPersistenceUnitInfo      : No LoadTimeWeaver setup: ignoring JPA class transformer
2024-09-14T00:13:24.844+05:30  INFO 13512 --- [HotelBooking] [main] com.zaxxer.hikari.HikariDataSource       : HikariPool-1 - Starting...
2024-09-14T00:13:25.054+05:30  INFO 13512 --- [HotelBooking] [main] com.zaxxer.hikari.pool.HikariPool        : HikariPool-1 - Added connection com.mysql.cj.jdbc.ConnectionImpl@64a1116a
2024-09-14T00:13:25.058+05:30  INFO 13512 --- [HotelBooking] [main] com.zaxxer.hikari.HikariDataSource       : HikariPool-1 - Start completed.
2024-09-14T00:13:25.113+05:30  WARN 13512 --- [HotelBooking] [main] org.hibernate.dialect.Dialect            : HHH000511: The 5.5.0 version for [org.hibernate.dialect.MySQLDialect] is no longer supported, hence certain features may not work properly. The minimum supported version is 8.0.0. Check the community dialects project for available legacy versions.
2024-09-14T00:13:25.120+05:30  WARN 13512 --- [HotelBooking] [main] org.hibernate.orm.deprecation            : HHH90000025: MySQLDialect does not need to be specified explicitly using 'hibernate.dialect' (remove the property setting and it will be selected by default)
2024-09-14T00:13:26.297+05:30  INFO 13512 --- [HotelBooking] [main] o.h.e.t.j.p.i.JtaPlatformInitiator       : HHH000489: No JTA platform available (set 'hibernate.transaction.jta.platform' to enable JTA platform integration)
2024-09-14T00:13:26.419+05:30  INFO 13512 --- [HotelBooking] [main] j.LocalContainerEntityManagerFactoryBean : Initialized JPA EntityManagerFactory for persistence unit 'default'
2024-09-14T00:13:26.845+05:30  WARN 13512 --- [HotelBooking] [main] JpaBaseConfiguration$JpaWebConfiguration : spring.jpa.open-in-view is enabled by default. Therefore, database queries may be performed during view rendering. Explicitly configure spring.jpa.open-in-view to disable this warning
2024-09-14T00:13:27.451+05:30  INFO 13512 --- [HotelBooking] [main] o.s.b.w.embedded.tomcat.TomcatWebServer  : Tomcat started on port 8080 (http) with context path '/HotelHub'
2024-09-14T00:13:27.465+05:30  INFO 13512 --- [HotelBooking] [main] c.M.H.HotelBookingApplication            : Started HotelBookingApplication in 6.218 seconds (process running for 6.81)
2024-09-14T00:13:32.940+05:30  INFO 13512 --- [HotelBooking] [http-nio-8080-exec-1] o.a.c.c.C.[.[localhost].[/HotelHub]      : Initializing Spring DispatcherServlet 'dispatcherServlet'
2024-09-14T00:13:32.940+05:30  INFO 13512 --- [HotelBooking] [http-nio-8080-exec-1] o.s.web.servlet.DispatcherServlet        : Initializing Servlet 'dispatcherServlet'
2024-09-14T00:13:32.942+05:30  INFO 13512 --- [HotelBooking] [http-nio-8080-exec-1] o.s.web.servlet.DispatcherServlet        : Completed initialization in 2 ms
2024-09-14T00:13:33.158+05:30 DEBUG 13512 --- [HotelBooking] [http-nio-8080-exec-1] org.hibernate.SQL                        : 
    select
        h1_0.hotel_id,
        h1_0.amenities,
        h1_0.city,
        h1_0.country,
        h1_0.email,
        h1_0.hotel_address,
        h1_0.hotel_name,
        h1_0.phone_number,
        h1_0.postal_code,
        h1_0.price_per_night,
        h1_0.star_rating,
        h1_0.state,
        h1_0.total_rooms,
        h1_0.website 
    from
        hotel h1_0
2024-09-14T00:13:33.279+05:30 DEBUG 13512 --- [HotelBooking] [http-nio-8080-exec-1] org.hibernate.SQL                        : 
    select
        r1_0.hotel_id,
        r1_0.room_id,
        r1_0.bed_type,
        r1_0.is_available,
        r1_0.price_per_night,
        r1_0.room_number,
        r1_0.room_type 
    from
        room r1_0 
    where
        r1_0.hotel_id=?
2024-09-14T00:13:33.282+05:30 DEBUG 13512 --- [HotelBooking] [http-nio-8080-exec-1] org.hibernate.SQL                        : 
    select
        r1_0.hotel_id,
        r1_0.room_id,
        r1_0.bed_type,
        r1_0.is_available,
        r1_0.price_per_night,
        r1_0.room_number,
        r1_0.room_type 
    from
        room r1_0 
    where
        r1_0.hotel_id=?
2024-09-14T00:13:33.284+05:30 DEBUG 13512 --- [HotelBooking] [http-nio-8080-exec-1] org.hibernate.SQL                        : 
    select
        r1_0.hotel_id,
        r1_0.room_id,
        r1_0.bed_type,
        r1_0.is_available,
        r1_0.price_per_night,
        r1_0.room_number,
        r1_0.room_type 
    from
        room r1_0 
    where
        r1_0.hotel_id=?
2024-09-14T00:13:33.285+05:30 DEBUG 13512 --- [HotelBooking] [http-nio-8080-exec-1] org.hibernate.SQL                        : 
    select
        r1_0.hotel_id,
        r1_0.room_id,
        r1_0.bed_type,
        r1_0.is_available,
        r1_0.price_per_night,
        r1_0.room_number,
        r1_0.room_type 
    from
        room r1_0 
    where
        r1_0.hotel_id=?
2024-09-14T00:13:33.286+05:30 DEBUG 13512 --- [HotelBooking] [http-nio-8080-exec-1] org.hibernate.SQL                        : 
    select
        r1_0.hotel_id,
        r1_0.room_id,
        r1_0.bed_type,
        r1_0.is_available,
        r1_0.price_per_night,
        r1_0.room_number,
        r1_0.room_type 
    from
        room r1_0 
    where
        r1_0.hotel_id=?
2024-09-14T00:23:20.267+05:30  INFO 13512 --- [HotelBooking] [SpringApplicationShutdownHook] j.LocalContainerEntityManagerFactoryBean : Closing JPA EntityManagerFactory for persistence unit 'default'
2024-09-14T00:23:20.271+05:30  INFO 13512 --- [HotelBooking] [SpringApplicationShutdownHook] com.zaxxer.hikari.HikariDataSource       : HikariPool-1 - Shutdown initiated...
2024-09-14T00:23:20.280+05:30  INFO 13512 --- [HotelBooking] [SpringApplicationShutdownHook] com.zaxxer.hikari.HikariDataSource       : HikariPool-1 - Shutdown completed.
2024-09-14T00:23:24.929+05:30  INFO 11208 --- [HotelBooking] [main] c.M.H.HotelBookingApplication            : Starting HotelBookingApplication using Java 21 with PID 11208 (C:\Users\admin\IdeaProjects\HotelBooking\target\classes started by admin in C:\Users\admin\IdeaProjects\HotelBooking)
2024-09-14T00:23:24.933+05:30  INFO 11208 --- [HotelBooking] [main] c.M.H.HotelBookingApplication            : No active profile set, falling back to 1 default profile: "default"
2024-09-14T00:23:26.044+05:30  INFO 11208 --- [HotelBooking] [main] .s.d.r.c.RepositoryConfigurationDelegate : Bootstrapping Spring Data JPA repositories in DEFAULT mode.
2024-09-14T00:23:26.159+05:30  INFO 11208 --- [HotelBooking] [main] .s.d.r.c.RepositoryConfigurationDelegate : Finished Spring Data repository scanning in 102 ms. Found 4 JPA repository interfaces.
2024-09-14T00:23:27.027+05:30  INFO 11208 --- [HotelBooking] [main] o.s.b.w.embedded.tomcat.TomcatWebServer  : Tomcat initialized with port 8080 (http)
2024-09-14T00:23:27.049+05:30  INFO 11208 --- [HotelBooking] [main] o.apache.catalina.core.StandardService   : Starting service [Tomcat]
2024-09-14T00:23:27.049+05:30  INFO 11208 --- [HotelBooking] [main] o.apache.catalina.core.StandardEngine    : Starting Servlet engine: [Apache Tomcat/10.1.28]
2024-09-14T00:23:27.144+05:30  INFO 11208 --- [HotelBooking] [main] o.a.c.c.C.[.[localhost].[/HotelHub]      : Initializing Spring embedded WebApplicationContext
2024-09-14T00:23:27.145+05:30  INFO 11208 --- [HotelBooking] [main] w.s.c.ServletWebServerApplicationContext : Root WebApplicationContext: initialization completed in 2130 ms
2024-09-14T00:23:27.405+05:30  INFO 11208 --- [HotelBooking] [main] o.hibernate.jpa.internal.util.LogHelper  : HHH000204: Processing PersistenceUnitInfo [name: default]
2024-09-14T00:23:27.493+05:30  INFO 11208 --- [HotelBooking] [main] org.hibernate.Version                    : HHH000412: Hibernate ORM core version 6.4.10.Final
2024-09-14T00:23:27.547+05:30  INFO 11208 --- [HotelBooking] [main] o.h.c.internal.RegionFactoryInitiator    : HHH000026: Second-level cache disabled
2024-09-14T00:23:27.900+05:30  INFO 11208 --- [HotelBooking] [main] o.s.o.j.p.SpringPersistenceUnitInfo      : No LoadTimeWeaver setup: ignoring JPA class transformer
2024-09-14T00:23:27.932+05:30  INFO 11208 --- [HotelBooking] [main] com.zaxxer.hikari.HikariDataSource       : HikariPool-1 - Starting...
2024-09-14T00:23:28.137+05:30  INFO 11208 --- [HotelBooking] [main] com.zaxxer.hikari.pool.HikariPool        : HikariPool-1 - Added connection com.mysql.cj.jdbc.ConnectionImpl@537b3b2e
2024-09-14T00:23:28.140+05:30  INFO 11208 --- [HotelBooking] [main] com.zaxxer.hikari.HikariDataSource       : HikariPool-1 - Start completed.
2024-09-14T00:23:28.191+05:30  WARN 11208 --- [HotelBooking] [main] org.hibernate.dialect.Dialect            : HHH000511: The 5.5.0 version for [org.hibernate.dialect.MySQLDialect] is no longer supported, hence certain features may not work properly. The minimum supported version is 8.0.0. Check the community dialects project for available legacy versions.
2024-09-14T00:23:28.197+05:30  WARN 11208 --- [HotelBooking] [main] org.hibernate.orm.deprecation            : HHH90000025: MySQLDialect does not need to be specified explicitly using 'hibernate.dialect' (remove the property setting and it will be selected by default)
2024-09-14T00:23:29.425+05:30  INFO 11208 --- [HotelBooking] [main] o.h.e.t.j.p.i.JtaPlatformInitiator       : HHH000489: No JTA platform available (set 'hibernate.transaction.jta.platform' to enable JTA platform integration)
2024-09-14T00:23:29.547+05:30  INFO 11208 --- [HotelBooking] [main] j.LocalContainerEntityManagerFactoryBean : Initialized JPA EntityManagerFactory for persistence unit 'default'
2024-09-14T00:23:29.907+05:30  INFO 11208 --- [HotelBooking] [main] o.s.d.j.r.query.QueryEnhancerFactory     : Hibernate is in classpath; If applicable, HQL parser will be used.
2024-09-14T00:23:30.540+05:30  WARN 11208 --- [HotelBooking] [main] JpaBaseConfiguration$JpaWebConfiguration : spring.jpa.open-in-view is enabled by default. Therefore, database queries may be performed during view rendering. Explicitly configure spring.jpa.open-in-view to disable this warning
2024-09-14T00:23:31.181+05:30  INFO 11208 --- [HotelBooking] [main] o.s.b.w.embedded.tomcat.TomcatWebServer  : Tomcat started on port 8080 (http) with context path '/HotelHub'
2024-09-14T00:23:31.195+05:30  INFO 11208 --- [HotelBooking] [main] c.M.H.HotelBookingApplication            : Started HotelBookingApplication in 6.979 seconds (process running for 7.634)
2024-09-14T00:25:54.407+05:30  INFO 11208 --- [HotelBooking] [http-nio-8080-exec-6] o.a.c.c.C.[.[localhost].[/HotelHub]      : Initializing Spring DispatcherServlet 'dispatcherServlet'
2024-09-14T00:25:54.408+05:30  INFO 11208 --- [HotelBooking] [http-nio-8080-exec-6] o.s.web.servlet.DispatcherServlet        : Initializing Servlet 'dispatcherServlet'
2024-09-14T00:25:54.410+05:30  INFO 11208 --- [HotelBooking] [http-nio-8080-exec-6] o.s.web.servlet.DispatcherServlet        : Completed initialization in 1 ms
2024-09-14T00:25:54.546+05:30 DEBUG 11208 --- [HotelBooking] [http-nio-8080-exec-6] org.hibernate.SQL                        : 
    select
        h1_0.hotel_id,
        h1_0.amenities,
        h1_0.city,
        h1_0.country,
        h1_0.email,
        h1_0.hotel_address,
        h1_0.hotel_name,
        h1_0.phone_number,
        h1_0.postal_code,
        h1_0.price_per_night,
        h1_0.star_rating,
        h1_0.state,
        h1_0.total_rooms,
        h1_0.website 
    from
        hotel h1_0
2024-09-14T00:25:54.654+05:30 DEBUG 11208 --- [HotelBooking] [http-nio-8080-exec-6] org.hibernate.SQL                        : 
    select
        r1_0.hotel_id,
        r1_0.room_id,
        r1_0.bed_type,
        r1_0.is_available,
        r1_0.price_per_night,
        r1_0.room_number,
        r1_0.room_type 
    from
        room r1_0 
    where
        r1_0.hotel_id=?
2024-09-14T00:25:54.658+05:30 DEBUG 11208 --- [HotelBooking] [http-nio-8080-exec-6] org.hibernate.SQL                        : 
    select
        r1_0.hotel_id,
        r1_0.room_id,
        r1_0.bed_type,
        r1_0.is_available,
        r1_0.price_per_night,
        r1_0.room_number,
        r1_0.room_type 
    from
        room r1_0 
    where
        r1_0.hotel_id=?
2024-09-14T00:25:54.660+05:30 DEBUG 11208 --- [HotelBooking] [http-nio-8080-exec-6] org.hibernate.SQL                        : 
    select
        r1_0.hotel_id,
        r1_0.room_id,
        r1_0.bed_type,
        r1_0.is_available,
        r1_0.price_per_night,
        r1_0.room_number,
        r1_0.room_type 
    from
        room r1_0 
    where
        r1_0.hotel_id=?
2024-09-14T00:25:54.662+05:30 DEBUG 11208 --- [HotelBooking] [http-nio-8080-exec-6] org.hibernate.SQL                        : 
    select
        r1_0.hotel_id,
        r1_0.room_id,
        r1_0.bed_type,
        r1_0.is_available,
        r1_0.price_per_night,
        r1_0.room_number,
        r1_0.room_type 
    from
        room r1_0 
    where
        r1_0.hotel_id=?
2024-09-14T00:25:54.664+05:30 DEBUG 11208 --- [HotelBooking] [http-nio-8080-exec-6] org.hibernate.SQL                        : 
    select
        r1_0.hotel_id,
        r1_0.room_id,
        r1_0.bed_type,
        r1_0.is_available,
        r1_0.price_per_night,
        r1_0.room_number,
        r1_0.room_type 
    from
        room r1_0 
    where
        r1_0.hotel_id=?
2024-09-14T00:26:14.994+05:30 DEBUG 11208 --- [HotelBooking] [http-nio-8080-exec-7] org.hibernate.SQL                        : 
    select
        h1_0.hotel_id,
        h1_0.amenities,
        h1_0.city,
        h1_0.country,
        h1_0.email,
        h1_0.hotel_address,
        h1_0.hotel_name,
        h1_0.phone_number,
        h1_0.postal_code,
        h1_0.price_per_night,
        h1_0.star_rating,
        h1_0.state,
        h1_0.total_rooms,
        h1_0.website 
    from
        hotel h1_0 
    where
        h1_0.city=?
2024-09-14T00:26:15.007+05:30 DEBUG 11208 --- [HotelBooking] [http-nio-8080-exec-7] org.hibernate.SQL                        : 
    select
        r1_0.hotel_id,
        r1_0.room_id,
        r1_0.bed_type,
        r1_0.is_available,
        r1_0.price_per_night,
        r1_0.room_number,
        r1_0.room_type 
    from
        room r1_0 
    where
        r1_0.hotel_id=?
2024-09-14T00:26:59.633+05:30 DEBUG 11208 --- [HotelBooking] [http-nio-8080-exec-8] org.hibernate.SQL                        : 
    select
        h1_0.hotel_id,
        h1_0.amenities,
        h1_0.city,
        h1_0.country,
        h1_0.email,
        h1_0.hotel_address,
        h1_0.hotel_name,
        h1_0.phone_number,
        h1_0.postal_code,
        h1_0.price_per_night,
        h1_0.star_rating,
        h1_0.state,
        h1_0.total_rooms,
        h1_0.website 
    from
        hotel h1_0
2024-09-14T00:26:59.637+05:30 DEBUG 11208 --- [HotelBooking] [http-nio-8080-exec-8] org.hibernate.SQL                        : 
    select
        r1_0.hotel_id,
        r1_0.room_id,
        r1_0.bed_type,
        r1_0.is_available,
        r1_0.price_per_night,
        r1_0.room_number,
        r1_0.room_type 
    from
        room r1_0 
    where
        r1_0.hotel_id=?
2024-09-14T00:26:59.639+05:30 DEBUG 11208 --- [HotelBooking] [http-nio-8080-exec-8] org.hibernate.SQL                        : 
    select
        r1_0.hotel_id,
        r1_0.room_id,
        r1_0.bed_type,
        r1_0.is_available,
        r1_0.price_per_night,
        r1_0.room_number,
        r1_0.room_type 
    from
        room r1_0 
    where
        r1_0.hotel_id=?
2024-09-14T00:26:59.640+05:30 DEBUG 11208 --- [HotelBooking] [http-nio-8080-exec-8] org.hibernate.SQL                        : 
    select
        r1_0.hotel_id,
        r1_0.room_id,
        r1_0.bed_type,
        r1_0.is_available,
        r1_0.price_per_night,
        r1_0.room_number,
        r1_0.room_type 
    from
        room r1_0 
    where
        r1_0.hotel_id=?
2024-09-14T00:26:59.642+05:30 DEBUG 11208 --- [HotelBooking] [http-nio-8080-exec-8] org.hibernate.SQL                        : 
    select
        r1_0.hotel_id,
        r1_0.room_id,
        r1_0.bed_type,
        r1_0.is_available,
        r1_0.price_per_night,
        r1_0.room_number,
        r1_0.room_type 
    from
        room r1_0 
    where
        r1_0.hotel_id=?
2024-09-14T00:26:59.644+05:30 DEBUG 11208 --- [HotelBooking] [http-nio-8080-exec-8] org.hibernate.SQL                        : 
    select
        r1_0.hotel_id,
        r1_0.room_id,
        r1_0.bed_type,
        r1_0.is_available,
        r1_0.price_per_night,
        r1_0.room_number,
        r1_0.room_type 
    from
        room r1_0 
    where
        r1_0.hotel_id=?
2024-09-14T00:27:05.559+05:30 DEBUG 11208 --- [HotelBooking] [http-nio-8080-exec-9] org.hibernate.SQL                        : 
    select
        h1_0.hotel_id,
        h1_0.amenities,
        h1_0.city,
        h1_0.country,
        h1_0.email,
        h1_0.hotel_address,
        h1_0.hotel_name,
        h1_0.phone_number,
        h1_0.postal_code,
        h1_0.price_per_night,
        h1_0.star_rating,
        h1_0.state,
        h1_0.total_rooms,
        h1_0.website 
    from
        hotel h1_0 
    where
        h1_0.city=?
2024-09-14T00:27:05.562+05:30 DEBUG 11208 --- [HotelBooking] [http-nio-8080-exec-9] org.hibernate.SQL                        : 
    select
        r1_0.hotel_id,
        r1_0.room_id,
        r1_0.bed_type,
        r1_0.is_available,
        r1_0.price_per_night,
        r1_0.room_number,
        r1_0.room_type 
    from
        room r1_0 
    where
        r1_0.hotel_id=?
2024-09-14T00:29:51.766+05:30  INFO 11208 --- [HotelBooking] [SpringApplicationShutdownHook] j.LocalContainerEntityManagerFactoryBean : Closing JPA EntityManagerFactory for persistence unit 'default'
2024-09-14T00:29:51.768+05:30  INFO 11208 --- [HotelBooking] [SpringApplicationShutdownHook] com.zaxxer.hikari.HikariDataSource       : HikariPool-1 - Shutdown initiated...
2024-09-14T00:29:51.779+05:30  INFO 11208 --- [HotelBooking] [SpringApplicationShutdownHook] com.zaxxer.hikari.HikariDataSource       : HikariPool-1 - Shutdown completed.
2024-09-14T09:23:40.297+05:30  INFO 2896 --- [HotelBooking] [main] c.M.H.HotelBookingApplication            : Starting HotelBookingApplication using Java 21 with PID 2896 (C:\Users\admin\IdeaProjects\HotelBooking\target\classes started by admin in C:\Users\admin\IdeaProjects\HotelBooking)
2024-09-14T09:23:40.299+05:30  INFO 2896 --- [HotelBooking] [main] c.M.H.HotelBookingApplication            : No active profile set, falling back to 1 default profile: "default"
2024-09-14T09:23:41.190+05:30  INFO 2896 --- [HotelBooking] [main] .s.d.r.c.RepositoryConfigurationDelegate : Bootstrapping Spring Data JPA repositories in DEFAULT mode.
2024-09-14T09:23:41.310+05:30  INFO 2896 --- [HotelBooking] [main] .s.d.r.c.RepositoryConfigurationDelegate : Finished Spring Data repository scanning in 103 ms. Found 5 JPA repository interfaces.
2024-09-14T09:23:42.093+05:30  INFO 2896 --- [HotelBooking] [main] o.s.b.w.embedded.tomcat.TomcatWebServer  : Tomcat initialized with port 8080 (http)
2024-09-14T09:23:42.110+05:30  INFO 2896 --- [HotelBooking] [main] o.apache.catalina.core.StandardService   : Starting service [Tomcat]
2024-09-14T09:23:42.111+05:30  INFO 2896 --- [HotelBooking] [main] o.apache.catalina.core.StandardEngine    : Starting Servlet engine: [Apache Tomcat/10.1.28]
2024-09-14T09:23:42.191+05:30  INFO 2896 --- [HotelBooking] [main] o.a.c.c.C.[.[localhost].[/HotelHub]      : Initializing Spring embedded WebApplicationContext
2024-09-14T09:23:42.191+05:30  INFO 2896 --- [HotelBooking] [main] w.s.c.ServletWebServerApplicationContext : Root WebApplicationContext: initialization completed in 1829 ms
2024-09-14T09:23:42.426+05:30  INFO 2896 --- [HotelBooking] [main] o.hibernate.jpa.internal.util.LogHelper  : HHH000204: Processing PersistenceUnitInfo [name: default]
2024-09-14T09:23:42.510+05:30  INFO 2896 --- [HotelBooking] [main] org.hibernate.Version                    : HHH000412: Hibernate ORM core version 6.4.10.Final
2024-09-14T09:23:42.556+05:30  INFO 2896 --- [HotelBooking] [main] o.h.c.internal.RegionFactoryInitiator    : HHH000026: Second-level cache disabled
2024-09-14T09:23:42.863+05:30  INFO 2896 --- [HotelBooking] [main] o.s.o.j.p.SpringPersistenceUnitInfo      : No LoadTimeWeaver setup: ignoring JPA class transformer
2024-09-14T09:23:42.897+05:30  INFO 2896 --- [HotelBooking] [main] com.zaxxer.hikari.HikariDataSource       : HikariPool-1 - Starting...
2024-09-14T09:23:44.022+05:30 ERROR 2896 --- [HotelBooking] [main] com.zaxxer.hikari.pool.HikariPool        : HikariPool-1 - Exception during pool initialization.

com.mysql.cj.jdbc.exceptions.CommunicationsException: Communications link failure

The last packet sent successfully to the server was 0 milliseconds ago. The driver has not received any packets from the server.
	at com.mysql.cj.jdbc.exceptions.SQLError.createCommunicationsException(SQLError.java:174) ~[mysql-connector-j-8.3.0.jar:8.3.0]
	at com.mysql.cj.jdbc.exceptions.SQLExceptionsMapping.translateException(SQLExceptionsMapping.java:64) ~[mysql-connector-j-8.3.0.jar:8.3.0]
	at com.mysql.cj.jdbc.ConnectionImpl.createNewIO(ConnectionImpl.java:815) ~[mysql-connector-j-8.3.0.jar:8.3.0]
	at com.mysql.cj.jdbc.ConnectionImpl.<init>(ConnectionImpl.java:438) ~[mysql-connector-j-8.3.0.jar:8.3.0]
	at com.mysql.cj.jdbc.ConnectionImpl.getInstance(ConnectionImpl.java:241) ~[mysql-connector-j-8.3.0.jar:8.3.0]
	at com.mysql.cj.jdbc.NonRegisteringDriver.connect(NonRegisteringDriver.java:189) ~[mysql-connector-j-8.3.0.jar:8.3.0]
	at com.zaxxer.hikari.util.DriverDataSource.getConnection(DriverDataSource.java:138) ~[HikariCP-5.0.1.jar:na]
	at com.zaxxer.hikari.pool.PoolBase.newConnection(PoolBase.java:359) ~[HikariCP-5.0.1.jar:na]
	at com.zaxxer.hikari.pool.PoolBase.newPoolEntry(PoolBase.java:201) ~[HikariCP-5.0.1.jar:na]
	at com.zaxxer.hikari.pool.HikariPool.createPoolEntry(HikariPool.java:470) ~[HikariCP-5.0.1.jar:na]
	at com.zaxxer.hikari.pool.HikariPool.checkFailFast(HikariPool.java:561) ~[HikariCP-5.0.1.jar:na]
	at com.zaxxer.hikari.pool.HikariPool.<init>(HikariPool.java:100) ~[HikariCP-5.0.1.jar:na]
	at com.zaxxer.hikari.HikariDataSource.getConnection(HikariDataSource.java:112) ~[HikariCP-5.0.1.jar:na]
	at org.hibernate.engine.jdbc.connections.internal.DatasourceConnectionProviderImpl.getConnection(DatasourceConnectionProviderImpl.java:122) ~[hibernate-core-6.4.10.Final.jar:6.4.10.Final]
	at org.hibernate.engine.jdbc.env.internal.JdbcEnvironmentInitiator$ConnectionProviderJdbcConnectionAccess.obtainConnection(JdbcEnvironmentInitiator.java:428) ~[hibernate-core-6.4.10.Final.jar:6.4.10.Final]
	at org.hibernate.resource.transaction.backend.jdbc.internal.JdbcIsolationDelegate.delegateWork(JdbcIsolationDelegate.java:61) ~[hibernate-core-6.4.10.Final.jar:6.4.10.Final]
	at org.hibernate.engine.jdbc.env.internal.JdbcEnvironmentInitiator.getJdbcEnvironmentUsingJdbcMetadata(JdbcEnvironmentInitiator.java:276) ~[hibernate-core-6.4.10.Final.jar:6.4.10.Final]
	at org.hibernate.engine.jdbc.env.internal.JdbcEnvironmentInitiator.initiateService(JdbcEnvironmentInitiator.java:107) ~[hibernate-core-6.4.10.Final.jar:6.4.10.Final]
	at org.hibernate.engine.jdbc.env.internal.JdbcEnvironmentInitiator.initiateService(JdbcEnvironmentInitiator.java:68) ~[hibernate-core-6.4.10.Final.jar:6.4.10.Final]
	at org.hibernate.boot.registry.internal.StandardServiceRegistryImpl.initiateService(StandardServiceRegistryImpl.java:130) ~[hibernate-core-6.4.10.Final.jar:6.4.10.Final]
	at org.hibernate.service.internal.AbstractServiceRegistryImpl.createService(AbstractServiceRegistryImpl.java:263) ~[hibernate-core-6.4.10.Final.jar:6.4.10.Final]
	at org.hibernate.service.internal.AbstractServiceRegistryImpl.initializeService(AbstractServiceRegistryImpl.java:238) ~[hibernate-core-6.4.10.Final.jar:6.4.10.Final]
	at org.hibernate.service.internal.AbstractServiceRegistryImpl.getService(AbstractServiceRegistryImpl.java:215) ~[hibernate-core-6.4.10.Final.jar:6.4.10.Final]
	at org.hibernate.boot.model.relational.Database.<init>(Database.java:45) ~[hibernate-core-6.4.10.Final.jar:6.4.10.Final]
	at org.hibernate.boot.internal.InFlightMetadataCollectorImpl.getDatabase(InFlightMetadataCollectorImpl.java:223) ~[hibernate-core-6.4.10.Final.jar:6.4.10.Final]
	at org.hibernate.boot.internal.InFlightMetadataCollectorImpl.<init>(InFlightMetadataCollectorImpl.java:191) ~[hibernate-core-6.4.10.Final.jar:6.4.10.Final]
	at org.hibernate.boot.model.process.spi.MetadataBuildingProcess.complete(MetadataBuildingProcess.java:170) ~[hibernate-core-6.4.10.Final.jar:6.4.10.Final]
	at org.hibernate.jpa.boot.internal.EntityManagerFactoryBuilderImpl.metadata(EntityManagerFactoryBuilderImpl.java:1432) ~[hibernate-core-6.4.10.Final.jar:6.4.10.Final]
	at org.hibernate.jpa.boot.internal.EntityManagerFactoryBuilderImpl.build(EntityManagerFactoryBuilderImpl.java:1503) ~[hibernate-core-6.4.10.Final.jar:6.4.10.Final]
	at org.springframework.orm.jpa.vendor.SpringHibernateJpaPersistenceProvider.createContainerEntityManagerFactory(SpringHibernateJpaPersistenceProvider.java:75) ~[spring-orm-6.1.12.jar:6.1.12]
	at org.springframework.orm.jpa.LocalContainerEntityManagerFactoryBean.createNativeEntityManagerFactory(LocalContainerEntityManagerFactoryBean.java:390) ~[spring-orm-6.1.12.jar:6.1.12]
	at org.springframework.orm.jpa.AbstractEntityManagerFactoryBean.buildNativeEntityManagerFactory(AbstractEntityManagerFactoryBean.java:409) ~[spring-orm-6.1.12.jar:6.1.12]
	at org.springframework.orm.jpa.AbstractEntityManagerFactoryBean.afterPropertiesSet(AbstractEntityManagerFactoryBean.java:396) ~[spring-orm-6.1.12.jar:6.1.12]
	at org.springframework.orm.jpa.LocalContainerEntityManagerFactoryBean.afterPropertiesSet(LocalContainerEntityManagerFactoryBean.java:366) ~[spring-orm-6.1.12.jar:6.1.12]
	at org.springframework.beans.factory.support.AbstractAutowireCapableBeanFactory.invokeInitMethods(AbstractAutowireCapableBeanFactory.java:1853) ~[spring-beans-6.1.12.jar:6.1.12]
	at org.springframework.beans.factory.support.AbstractAutowireCapableBeanFactory.initializeBean(AbstractAutowireCapableBeanFactory.java:1802) ~[spring-beans-6.1.12.jar:6.1.12]
	at org.springframework.beans.factory.support.AbstractAutowireCapableBeanFactory.doCreateBean(AbstractAutowireCapableBeanFactory.java:600) ~[spring-beans-6.1.12.jar:6.1.12]
	at org.springframework.beans.factory.support.AbstractAutowireCapableBeanFactory.createBean(AbstractAutowireCapableBeanFactory.java:522) ~[spring-beans-6.1.12.jar:6.1.12]
	at org.springframework.beans.factory.support.AbstractBeanFactory.lambda$doGetBean$0(AbstractBeanFactory.java:337) ~[spring-beans-6.1.12.jar:6.1.12]
	at org.springframework.beans.factory.support.DefaultSingletonBeanRegistry.getSingleton(DefaultSingletonBeanRegistry.java:234) ~[spring-beans-6.1.12.jar:6.1.12]
	at org.springframework.beans.factory.support.AbstractBeanFactory.doGetBean(AbstractBeanFactory.java:335) ~[spring-beans-6.1.12.jar:6.1.12]
	at org.springframework.beans.factory.support.AbstractBeanFactory.getBean(AbstractBeanFactory.java:205) ~[spring-beans-6.1.12.jar:6.1.12]
	at org.springframework.context.support.AbstractApplicationContext.finishBeanFactoryInitialization(AbstractApplicationContext.java:954) ~[spring-context-6.1.12.jar:6.1.12]
	at org.springframework.context.support.AbstractApplicationContext.refresh(AbstractApplicationContext.java:625) ~[spring-context-6.1.12.jar:6.1.12]
	at org.springframework.boot.web.servlet.context.ServletWebServerApplicationContext.refresh(ServletWebServerApplicationContext.java:146) ~[spring-boot-3.2.9.jar:3.2.9]
	at org.springframework.boot.SpringApplication.refresh(SpringApplication.java:754) ~[spring-boot-3.2.9.jar:3.2.9]
	at org.springframework.boot.SpringApplication.refreshContext(SpringApplication.java:456) ~[spring-boot-3.2.9.jar:3.2.9]
	at org.springframework.boot.SpringApplication.run(SpringApplication.java:335) ~[spring-boot-3.2.9.jar:3.2.9]
	at org.springframework.boot.SpringApplication.run(SpringApplication.java:1363) ~[spring-boot-3.2.9.jar:3.2.9]
	at org.springframework.boot.SpringApplication.run(SpringApplication.java:1352) ~[spring-boot-3.2.9.jar:3.2.9]
	at com.My.HotelBooking.HotelBookingApplication.main(HotelBookingApplication.java:10) ~[classes/:na]
Caused by: com.mysql.cj.exceptions.CJCommunicationsException: Communications link failure

The last packet sent successfully to the server was 0 milliseconds ago. The driver has not received any packets from the server.
	at java.base/jdk.internal.reflect.DirectConstructorHandleAccessor.newInstance(DirectConstructorHandleAccessor.java:62) ~[na:na]
	at java.base/java.lang.reflect.Constructor.newInstanceWithCaller(Constructor.java:502) ~[na:na]
	at java.base/java.lang.reflect.Constructor.newInstance(Constructor.java:486) ~[na:na]
	at com.mysql.cj.exceptions.ExceptionFactory.createException(ExceptionFactory.java:61) ~[mysql-connector-j-8.3.0.jar:8.3.0]
	at com.mysql.cj.exceptions.ExceptionFactory.createException(ExceptionFactory.java:104) ~[mysql-connector-j-8.3.0.jar:8.3.0]
	at com.mysql.cj.exceptions.ExceptionFactory.createException(ExceptionFactory.java:149) ~[mysql-connector-j-8.3.0.jar:8.3.0]
	at com.mysql.cj.exceptions.ExceptionFactory.createCommunicationsException(ExceptionFactory.java:165) ~[mysql-connector-j-8.3.0.jar:8.3.0]
	at com.mysql.cj.protocol.a.NativeSocketConnection.connect(NativeSocketConnection.java:88) ~[mysql-connector-j-8.3.0.jar:8.3.0]
	at com.mysql.cj.NativeSession.connect(NativeSession.java:120) ~[mysql-connector-j-8.3.0.jar:8.3.0]
	at com.mysql.cj.jdbc.ConnectionImpl.connectOneTryOnly(ConnectionImpl.java:935) ~[mysql-connector-j-8.3.0.jar:8.3.0]
	at com.mysql.cj.jdbc.ConnectionImpl.createNewIO(ConnectionImpl.java:805) ~[mysql-connector-j-8.3.0.jar:8.3.0]
	... 48 common frames omitted
Caused by: java.net.ConnectException: Connection refused: no further information
	at java.base/sun.nio.ch.Net.pollConnect(Native Method) ~[na:na]
	at java.base/sun.nio.ch.Net.pollConnectNow(Net.java:682) ~[na:na]
	at java.base/sun.nio.ch.NioSocketImpl.timedFinishConnect(NioSocketImpl.java:542) ~[na:na]
	at java.base/sun.nio.ch.NioSocketImpl.connect(NioSocketImpl.java:592) ~[na:na]
	at java.base/java.net.SocksSocketImpl.connect(SocksSocketImpl.java:327) ~[na:na]
	at java.base/java.net.Socket.connect(Socket.java:751) ~[na:na]
	at com.mysql.cj.protocol.StandardSocketFactory.connect(StandardSocketFactory.java:153) ~[mysql-connector-j-8.3.0.jar:8.3.0]
	at com.mysql.cj.protocol.a.NativeSocketConnection.connect(NativeSocketConnection.java:62) ~[mysql-connector-j-8.3.0.jar:8.3.0]
	... 51 common frames omitted

2024-09-14T09:23:44.032+05:30  WARN 2896 --- [HotelBooking] [main] o.h.e.j.e.i.JdbcEnvironmentInitiator     : HHH000342: Could not obtain connection to query metadata

java.lang.NullPointerException: Cannot invoke "org.hibernate.engine.jdbc.spi.SqlExceptionHelper.convert(java.sql.SQLException, String)" because the return value of "org.hibernate.resource.transaction.backend.jdbc.internal.JdbcIsolationDelegate.sqlExceptionHelper()" is null
	at org.hibernate.resource.transaction.backend.jdbc.internal.JdbcIsolationDelegate.delegateWork(JdbcIsolationDelegate.java:116) ~[hibernate-core-6.4.10.Final.jar:6.4.10.Final]
	at org.hibernate.engine.jdbc.env.internal.JdbcEnvironmentInitiator.getJdbcEnvironmentUsingJdbcMetadata(JdbcEnvironmentInitiator.java:276) ~[hibernate-core-6.4.10.Final.jar:6.4.10.Final]
	at org.hibernate.engine.jdbc.env.internal.JdbcEnvironmentInitiator.initiateService(JdbcEnvironmentInitiator.java:107) ~[hibernate-core-6.4.10.Final.jar:6.4.10.Final]
	at org.hibernate.engine.jdbc.env.internal.JdbcEnvironmentInitiator.initiateService(JdbcEnvironmentInitiator.java:68) ~[hibernate-core-6.4.10.Final.jar:6.4.10.Final]
	at org.hibernate.boot.registry.internal.StandardServiceRegistryImpl.initiateService(StandardServiceRegistryImpl.java:130) ~[hibernate-core-6.4.10.Final.jar:6.4.10.Final]
	at org.hibernate.service.internal.AbstractServiceRegistryImpl.createService(AbstractServiceRegistryImpl.java:263) ~[hibernate-core-6.4.10.Final.jar:6.4.10.Final]
	at org.hibernate.service.internal.AbstractServiceRegistryImpl.initializeService(AbstractServiceRegistryImpl.java:238) ~[hibernate-core-6.4.10.Final.jar:6.4.10.Final]
	at org.hibernate.service.internal.AbstractServiceRegistryImpl.getService(AbstractServiceRegistryImpl.java:215) ~[hibernate-core-6.4.10.Final.jar:6.4.10.Final]
	at org.hibernate.boot.model.relational.Database.<init>(Database.java:45) ~[hibernate-core-6.4.10.Final.jar:6.4.10.Final]
	at org.hibernate.boot.internal.InFlightMetadataCollectorImpl.getDatabase(InFlightMetadataCollectorImpl.java:223) ~[hibernate-core-6.4.10.Final.jar:6.4.10.Final]
	at org.hibernate.boot.internal.InFlightMetadataCollectorImpl.<init>(InFlightMetadataCollectorImpl.java:191) ~[hibernate-core-6.4.10.Final.jar:6.4.10.Final]
	at org.hibernate.boot.model.process.spi.MetadataBuildingProcess.complete(MetadataBuildingProcess.java:170) ~[hibernate-core-6.4.10.Final.jar:6.4.10.Final]
	at org.hibernate.jpa.boot.internal.EntityManagerFactoryBuilderImpl.metadata(EntityManagerFactoryBuilderImpl.java:1432) ~[hibernate-core-6.4.10.Final.jar:6.4.10.Final]
	at org.hibernate.jpa.boot.internal.EntityManagerFactoryBuilderImpl.build(EntityManagerFactoryBuilderImpl.java:1503) ~[hibernate-core-6.4.10.Final.jar:6.4.10.Final]
	at org.springframework.orm.jpa.vendor.SpringHibernateJpaPersistenceProvider.createContainerEntityManagerFactory(SpringHibernateJpaPersistenceProvider.java:75) ~[spring-orm-6.1.12.jar:6.1.12]
	at org.springframework.orm.jpa.LocalContainerEntityManagerFactoryBean.createNativeEntityManagerFactory(LocalContainerEntityManagerFactoryBean.java:390) ~[spring-orm-6.1.12.jar:6.1.12]
	at org.springframework.orm.jpa.AbstractEntityManagerFactoryBean.buildNativeEntityManagerFactory(AbstractEntityManagerFactoryBean.java:409) ~[spring-orm-6.1.12.jar:6.1.12]
	at org.springframework.orm.jpa.AbstractEntityManagerFactoryBean.afterPropertiesSet(AbstractEntityManagerFactoryBean.java:396) ~[spring-orm-6.1.12.jar:6.1.12]
	at org.springframework.orm.jpa.LocalContainerEntityManagerFactoryBean.afterPropertiesSet(LocalContainerEntityManagerFactoryBean.java:366) ~[spring-orm-6.1.12.jar:6.1.12]
	at org.springframework.beans.factory.support.AbstractAutowireCapableBeanFactory.invokeInitMethods(AbstractAutowireCapableBeanFactory.java:1853) ~[spring-beans-6.1.12.jar:6.1.12]
	at org.springframework.beans.factory.support.AbstractAutowireCapableBeanFactory.initializeBean(AbstractAutowireCapableBeanFactory.java:1802) ~[spring-beans-6.1.12.jar:6.1.12]
	at org.springframework.beans.factory.support.AbstractAutowireCapableBeanFactory.doCreateBean(AbstractAutowireCapableBeanFactory.java:600) ~[spring-beans-6.1.12.jar:6.1.12]
	at org.springframework.beans.factory.support.AbstractAutowireCapableBeanFactory.createBean(AbstractAutowireCapableBeanFactory.java:522) ~[spring-beans-6.1.12.jar:6.1.12]
	at org.springframework.beans.factory.support.AbstractBeanFactory.lambda$doGetBean$0(AbstractBeanFactory.java:337) ~[spring-beans-6.1.12.jar:6.1.12]
	at org.springframework.beans.factory.support.DefaultSingletonBeanRegistry.getSingleton(DefaultSingletonBeanRegistry.java:234) ~[spring-beans-6.1.12.jar:6.1.12]
	at org.springframework.beans.factory.support.AbstractBeanFactory.doGetBean(AbstractBeanFactory.java:335) ~[spring-beans-6.1.12.jar:6.1.12]
	at org.springframework.beans.factory.support.AbstractBeanFactory.getBean(AbstractBeanFactory.java:205) ~[spring-beans-6.1.12.jar:6.1.12]
	at org.springframework.context.support.AbstractApplicationContext.finishBeanFactoryInitialization(AbstractApplicationContext.java:954) ~[spring-context-6.1.12.jar:6.1.12]
	at org.springframework.context.support.AbstractApplicationContext.refresh(AbstractApplicationContext.java:625) ~[spring-context-6.1.12.jar:6.1.12]
	at org.springframework.boot.web.servlet.context.ServletWebServerApplicationContext.refresh(ServletWebServerApplicationContext.java:146) ~[spring-boot-3.2.9.jar:3.2.9]
	at org.springframework.boot.SpringApplication.refresh(SpringApplication.java:754) ~[spring-boot-3.2.9.jar:3.2.9]
	at org.springframework.boot.SpringApplication.refreshContext(SpringApplication.java:456) ~[spring-boot-3.2.9.jar:3.2.9]
	at org.springframework.boot.SpringApplication.run(SpringApplication.java:335) ~[spring-boot-3.2.9.jar:3.2.9]
	at org.springframework.boot.SpringApplication.run(SpringApplication.java:1363) ~[spring-boot-3.2.9.jar:3.2.9]
	at org.springframework.boot.SpringApplication.run(SpringApplication.java:1352) ~[spring-boot-3.2.9.jar:3.2.9]
	at com.My.HotelBooking.HotelBookingApplication.main(HotelBookingApplication.java:10) ~[classes/:na]

2024-09-14T09:23:44.058+05:30  WARN 2896 --- [HotelBooking] [main] org.hibernate.orm.deprecation            : HHH90000025: MySQLDialect does not need to be specified explicitly using 'hibernate.dialect' (remove the property setting and it will be selected by default)
2024-09-14T09:23:45.370+05:30  INFO 2896 --- [HotelBooking] [main] o.h.e.t.j.p.i.JtaPlatformInitiator       : HHH000489: No JTA platform available (set 'hibernate.transaction.jta.platform' to enable JTA platform integration)
2024-09-14T09:23:45.391+05:30  INFO 2896 --- [HotelBooking] [main] com.zaxxer.hikari.HikariDataSource       : HikariPool-1 - Starting...
2024-09-14T09:23:46.409+05:30 ERROR 2896 --- [HotelBooking] [main] com.zaxxer.hikari.pool.HikariPool        : HikariPool-1 - Exception during pool initialization.

com.mysql.cj.jdbc.exceptions.CommunicationsException: Communications link failure

The last packet sent successfully to the server was 0 milliseconds ago. The driver has not received any packets from the server.
	at com.mysql.cj.jdbc.exceptions.SQLError.createCommunicationsException(SQLError.java:174) ~[mysql-connector-j-8.3.0.jar:8.3.0]
	at com.mysql.cj.jdbc.exceptions.SQLExceptionsMapping.translateException(SQLExceptionsMapping.java:64) ~[mysql-connector-j-8.3.0.jar:8.3.0]
	at com.mysql.cj.jdbc.ConnectionImpl.createNewIO(ConnectionImpl.java:815) ~[mysql-connector-j-8.3.0.jar:8.3.0]
	at com.mysql.cj.jdbc.ConnectionImpl.<init>(ConnectionImpl.java:438) ~[mysql-connector-j-8.3.0.jar:8.3.0]
	at com.mysql.cj.jdbc.ConnectionImpl.getInstance(ConnectionImpl.java:241) ~[mysql-connector-j-8.3.0.jar:8.3.0]
	at com.mysql.cj.jdbc.NonRegisteringDriver.connect(NonRegisteringDriver.java:189) ~[mysql-connector-j-8.3.0.jar:8.3.0]
	at com.zaxxer.hikari.util.DriverDataSource.getConnection(DriverDataSource.java:138) ~[HikariCP-5.0.1.jar:na]
	at com.zaxxer.hikari.pool.PoolBase.newConnection(PoolBase.java:359) ~[HikariCP-5.0.1.jar:na]
	at com.zaxxer.hikari.pool.PoolBase.newPoolEntry(PoolBase.java:201) ~[HikariCP-5.0.1.jar:na]
	at com.zaxxer.hikari.pool.HikariPool.createPoolEntry(HikariPool.java:470) ~[HikariCP-5.0.1.jar:na]
	at com.zaxxer.hikari.pool.HikariPool.checkFailFast(HikariPool.java:561) ~[HikariCP-5.0.1.jar:na]
	at com.zaxxer.hikari.pool.HikariPool.<init>(HikariPool.java:100) ~[HikariCP-5.0.1.jar:na]
	at com.zaxxer.hikari.HikariDataSource.getConnection(HikariDataSource.java:112) ~[HikariCP-5.0.1.jar:na]
	at org.hibernate.engine.jdbc.connections.internal.DatasourceConnectionProviderImpl.getConnection(DatasourceConnectionProviderImpl.java:122) ~[hibernate-core-6.4.10.Final.jar:6.4.10.Final]
	at org.hibernate.engine.jdbc.env.internal.JdbcEnvironmentInitiator$ConnectionProviderJdbcConnectionAccess.obtainConnection(JdbcEnvironmentInitiator.java:428) ~[hibernate-core-6.4.10.Final.jar:6.4.10.Final]
	at org.hibernate.resource.transaction.backend.jdbc.internal.DdlTransactionIsolatorNonJtaImpl.getIsolatedConnection(DdlTransactionIsolatorNonJtaImpl.java:46) ~[hibernate-core-6.4.10.Final.jar:6.4.10.Final]
	at org.hibernate.resource.transaction.backend.jdbc.internal.DdlTransactionIsolatorNonJtaImpl.getIsolatedConnection(DdlTransactionIsolatorNonJtaImpl.java:39) ~[hibernate-core-6.4.10.Final.jar:6.4.10.Final]
	at org.hibernate.tool.schema.internal.exec.ImprovedExtractionContextImpl.getJdbcConnection(ImprovedExtractionContextImpl.java:63) ~[hibernate-core-6.4.10.Final.jar:6.4.10.Final]
	at org.hibernate.tool.schema.internal.exec.ImprovedExtractionContextImpl.getJdbcDatabaseMetaData(ImprovedExtractionContextImpl.java:70) ~[hibernate-core-6.4.10.Final.jar:6.4.10.Final]
	at org.hibernate.tool.schema.extract.internal.InformationExtractorJdbcDatabaseMetaDataImpl.processTableResultSet(InformationExtractorJdbcDatabaseMetaDataImpl.java:64) ~[hibernate-core-6.4.10.Final.jar:6.4.10.Final]
	at org.hibernate.tool.schema.extract.internal.AbstractInformationExtractorImpl.getTables(AbstractInformationExtractorImpl.java:570) ~[hibernate-core-6.4.10.Final.jar:6.4.10.Final]
	at org.hibernate.tool.schema.extract.internal.DatabaseInformationImpl.getTablesInformation(DatabaseInformationImpl.java:122) ~[hibernate-core-6.4.10.Final.jar:6.4.10.Final]
	at org.hibernate.tool.schema.internal.GroupedSchemaMigratorImpl.performTablesMigration(GroupedSchemaMigratorImpl.java:72) ~[hibernate-core-6.4.10.Final.jar:6.4.10.Final]
	at org.hibernate.tool.schema.internal.AbstractSchemaMigrator.performMigration(AbstractSchemaMigrator.java:232) ~[hibernate-core-6.4.10.Final.jar:6.4.10.Final]
	at org.hibernate.tool.schema.internal.AbstractSchemaMigrator.doMigration(AbstractSchemaMigrator.java:117) ~[hibernate-core-6.4.10.Final.jar:6.4.10.Final]
	at org.hibernate.tool.schema.spi.SchemaManagementToolCoordinator.performDatabaseAction(SchemaManagementToolCoordinator.java:280) ~[hibernate-core-6.4.10.Final.jar:6.4.10.Final]
	at org.hibernate.tool.schema.spi.SchemaManagementToolCoordinator.lambda$process$5(SchemaManagementToolCoordinator.java:144) ~[hibernate-core-6.4.10.Final.jar:6.4.10.Final]
	at java.base/java.util.HashMap.forEach(HashMap.java:1429) ~[na:na]
	at org.hibernate.tool.schema.spi.SchemaManagementToolCoordinator.process(SchemaManagementToolCoordinator.java:141) ~[hibernate-core-6.4.10.Final.jar:6.4.10.Final]
	at org.hibernate.boot.internal.SessionFactoryObserverForSchemaExport.sessionFactoryCreated(SessionFactoryObserverForSchemaExport.java:37) ~[hibernate-core-6.4.10.Final.jar:6.4.10.Final]
	at org.hibernate.internal.SessionFactoryObserverChain.sessionFactoryCreated(SessionFactoryObserverChain.java:35) ~[hibernate-core-6.4.10.Final.jar:6.4.10.Final]
	at org.hibernate.internal.SessionFactoryImpl.<init>(SessionFactoryImpl.java:315) ~[hibernate-core-6.4.10.Final.jar:6.4.10.Final]
	at org.hibernate.boot.internal.SessionFactoryBuilderImpl.build(SessionFactoryBuilderImpl.java:450) ~[hibernate-core-6.4.10.Final.jar:6.4.10.Final]
	at org.hibernate.jpa.boot.internal.EntityManagerFactoryBuilderImpl.build(EntityManagerFactoryBuilderImpl.java:1507) ~[hibernate-core-6.4.10.Final.jar:6.4.10.Final]
	at org.springframework.orm.jpa.vendor.SpringHibernateJpaPersistenceProvider.createContainerEntityManagerFactory(SpringHibernateJpaPersistenceProvider.java:75) ~[spring-orm-6.1.12.jar:6.1.12]
	at org.springframework.orm.jpa.LocalContainerEntityManagerFactoryBean.createNativeEntityManagerFactory(LocalContainerEntityManagerFactoryBean.java:390) ~[spring-orm-6.1.12.jar:6.1.12]
	at org.springframework.orm.jpa.AbstractEntityManagerFactoryBean.buildNativeEntityManagerFactory(AbstractEntityManagerFactoryBean.java:409) ~[spring-orm-6.1.12.jar:6.1.12]
	at org.springframework.orm.jpa.AbstractEntityManagerFactoryBean.afterPropertiesSet(AbstractEntityManagerFactoryBean.java:396) ~[spring-orm-6.1.12.jar:6.1.12]
	at org.springframework.orm.jpa.LocalContainerEntityManagerFactoryBean.afterPropertiesSet(LocalContainerEntityManagerFactoryBean.java:366) ~[spring-orm-6.1.12.jar:6.1.12]
	at org.springframework.beans.factory.support.AbstractAutowireCapableBeanFactory.invokeInitMethods(AbstractAutowireCapableBeanFactory.java:1853) ~[spring-beans-6.1.12.jar:6.1.12]
	at org.springframework.beans.factory.support.AbstractAutowireCapableBeanFactory.initializeBean(AbstractAutowireCapableBeanFactory.java:1802) ~[spring-beans-6.1.12.jar:6.1.12]
	at org.springframework.beans.factory.support.AbstractAutowireCapableBeanFactory.doCreateBean(AbstractAutowireCapableBeanFactory.java:600) ~[spring-beans-6.1.12.jar:6.1.12]
	at org.springframework.beans.factory.support.AbstractAutowireCapableBeanFactory.createBean(AbstractAutowireCapableBeanFactory.java:522) ~[spring-beans-6.1.12.jar:6.1.12]
	at org.springframework.beans.factory.support.AbstractBeanFactory.lambda$doGetBean$0(AbstractBeanFactory.java:337) ~[spring-beans-6.1.12.jar:6.1.12]
	at org.springframework.beans.factory.support.DefaultSingletonBeanRegistry.getSingleton(DefaultSingletonBeanRegistry.java:234) ~[spring-beans-6.1.12.jar:6.1.12]
	at org.springframework.beans.factory.support.AbstractBeanFactory.doGetBean(AbstractBeanFactory.java:335) ~[spring-beans-6.1.12.jar:6.1.12]
	at org.springframework.beans.factory.support.AbstractBeanFactory.getBean(AbstractBeanFactory.java:205) ~[spring-beans-6.1.12.jar:6.1.12]
	at org.springframework.context.support.AbstractApplicationContext.finishBeanFactoryInitialization(AbstractApplicationContext.java:954) ~[spring-context-6.1.12.jar:6.1.12]
	at org.springframework.context.support.AbstractApplicationContext.refresh(AbstractApplicationContext.java:625) ~[spring-context-6.1.12.jar:6.1.12]
	at org.springframework.boot.web.servlet.context.ServletWebServerApplicationContext.refresh(ServletWebServerApplicationContext.java:146) ~[spring-boot-3.2.9.jar:3.2.9]
	at org.springframework.boot.SpringApplication.refresh(SpringApplication.java:754) ~[spring-boot-3.2.9.jar:3.2.9]
	at org.springframework.boot.SpringApplication.refreshContext(SpringApplication.java:456) ~[spring-boot-3.2.9.jar:3.2.9]
	at org.springframework.boot.SpringApplication.run(SpringApplication.java:335) ~[spring-boot-3.2.9.jar:3.2.9]
	at org.springframework.boot.SpringApplication.run(SpringApplication.java:1363) ~[spring-boot-3.2.9.jar:3.2.9]
	at org.springframework.boot.SpringApplication.run(SpringApplication.java:1352) ~[spring-boot-3.2.9.jar:3.2.9]
	at com.My.HotelBooking.HotelBookingApplication.main(HotelBookingApplication.java:10) ~[classes/:na]
Caused by: com.mysql.cj.exceptions.CJCommunicationsException: Communications link failure

The last packet sent successfully to the server was 0 milliseconds ago. The driver has not received any packets from the server.
	at java.base/jdk.internal.reflect.DirectConstructorHandleAccessor.newInstance(DirectConstructorHandleAccessor.java:62) ~[na:na]
	at java.base/java.lang.reflect.Constructor.newInstanceWithCaller(Constructor.java:502) ~[na:na]
	at java.base/java.lang.reflect.Constructor.newInstance(Constructor.java:486) ~[na:na]
	at com.mysql.cj.exceptions.ExceptionFactory.createException(ExceptionFactory.java:61) ~[mysql-connector-j-8.3.0.jar:8.3.0]
	at com.mysql.cj.exceptions.ExceptionFactory.createException(ExceptionFactory.java:104) ~[mysql-connector-j-8.3.0.jar:8.3.0]
	at com.mysql.cj.exceptions.ExceptionFactory.createException(ExceptionFactory.java:149) ~[mysql-connector-j-8.3.0.jar:8.3.0]
	at com.mysql.cj.exceptions.ExceptionFactory.createCommunicationsException(ExceptionFactory.java:165) ~[mysql-connector-j-8.3.0.jar:8.3.0]
	at com.mysql.cj.protocol.a.NativeSocketConnection.connect(NativeSocketConnection.java:88) ~[mysql-connector-j-8.3.0.jar:8.3.0]
	at com.mysql.cj.NativeSession.connect(NativeSession.java:120) ~[mysql-connector-j-8.3.0.jar:8.3.0]
	at com.mysql.cj.jdbc.ConnectionImpl.connectOneTryOnly(ConnectionImpl.java:935) ~[mysql-connector-j-8.3.0.jar:8.3.0]
	at com.mysql.cj.jdbc.ConnectionImpl.createNewIO(ConnectionImpl.java:805) ~[mysql-connector-j-8.3.0.jar:8.3.0]
	... 53 common frames omitted
Caused by: java.net.ConnectException: Connection refused: no further information
	at java.base/sun.nio.ch.Net.pollConnect(Native Method) ~[na:na]
	at java.base/sun.nio.ch.Net.pollConnectNow(Net.java:682) ~[na:na]
	at java.base/sun.nio.ch.NioSocketImpl.timedFinishConnect(NioSocketImpl.java:542) ~[na:na]
	at java.base/sun.nio.ch.NioSocketImpl.connect(NioSocketImpl.java:592) ~[na:na]
	at java.base/java.net.SocksSocketImpl.connect(SocksSocketImpl.java:327) ~[na:na]
	at java.base/java.net.Socket.connect(Socket.java:751) ~[na:na]
	at com.mysql.cj.protocol.StandardSocketFactory.connect(StandardSocketFactory.java:153) ~[mysql-connector-j-8.3.0.jar:8.3.0]
	at com.mysql.cj.protocol.a.NativeSocketConnection.connect(NativeSocketConnection.java:62) ~[mysql-connector-j-8.3.0.jar:8.3.0]
	... 56 common frames omitted

2024-09-14T09:23:46.423+05:30  WARN 2896 --- [HotelBooking] [main] o.h.engine.jdbc.spi.SqlExceptionHelper   : SQL Error: 0, SQLState: 08S01
2024-09-14T09:23:46.424+05:30 ERROR 2896 --- [HotelBooking] [main] o.h.engine.jdbc.spi.SqlExceptionHelper   : Communications link failure

The last packet sent successfully to the server was 0 milliseconds ago. The driver has not received any packets from the server.
2024-09-14T09:23:46.436+05:30 ERROR 2896 --- [HotelBooking] [main] j.LocalContainerEntityManagerFactoryBean : Failed to initialize JPA EntityManagerFactory: [PersistenceUnit: default] Unable to build Hibernate SessionFactory; nested exception is org.hibernate.exception.JDBCConnectionException: Unable to open JDBC Connection for DDL execution [Communications link failure

The last packet sent successfully to the server was 0 milliseconds ago. The driver has not received any packets from the server.] [n/a]
2024-09-14T09:23:46.437+05:30  WARN 2896 --- [HotelBooking] [main] ConfigServletWebServerApplicationContext : Exception encountered during context initialization - cancelling refresh attempt: org.springframework.beans.factory.BeanCreationException: Error creating bean with name 'entityManagerFactory' defined in class path resource [org/springframework/boot/autoconfigure/orm/jpa/HibernateJpaConfiguration.class]: [PersistenceUnit: default] Unable to build Hibernate SessionFactory; nested exception is org.hibernate.exception.JDBCConnectionException: Unable to open JDBC Connection for DDL execution [Communications link failure

The last packet sent successfully to the server was 0 milliseconds ago. The driver has not received any packets from the server.] [n/a]
2024-09-14T09:23:46.440+05:30  INFO 2896 --- [HotelBooking] [main] o.apache.catalina.core.StandardService   : Stopping service [Tomcat]
2024-09-14T09:23:46.460+05:30  INFO 2896 --- [HotelBooking] [main] .s.b.a.l.ConditionEvaluationReportLogger : 

Error starting ApplicationContext. To display the condition evaluation report re-run your application with 'debug' enabled.
2024-09-14T09:23:46.495+05:30 ERROR 2896 --- [HotelBooking] [main] o.s.boot.SpringApplication               : Application run failed

org.springframework.beans.factory.BeanCreationException: Error creating bean with name 'entityManagerFactory' defined in class path resource [org/springframework/boot/autoconfigure/orm/jpa/HibernateJpaConfiguration.class]: [PersistenceUnit: default] Unable to build Hibernate SessionFactory; nested exception is org.hibernate.exception.JDBCConnectionException: Unable to open JDBC Connection for DDL execution [Communications link failure

The last packet sent successfully to the server was 0 milliseconds ago. The driver has not received any packets from the server.] [n/a]
	at org.springframework.beans.factory.support.AbstractAutowireCapableBeanFactory.initializeBean(AbstractAutowireCapableBeanFactory.java:1806) ~[spring-beans-6.1.12.jar:6.1.12]
	at org.springframework.beans.factory.support.AbstractAutowireCapableBeanFactory.doCreateBean(AbstractAutowireCapableBeanFactory.java:600) ~[spring-beans-6.1.12.jar:6.1.12]
	at org.springframework.beans.factory.support.AbstractAutowireCapableBeanFactory.createBean(AbstractAutowireCapableBeanFactory.java:522) ~[spring-beans-6.1.12.jar:6.1.12]
	at org.springframework.beans.factory.support.AbstractBeanFactory.lambda$doGetBean$0(AbstractBeanFactory.java:337) ~[spring-beans-6.1.12.jar:6.1.12]
	at org.springframework.beans.factory.support.DefaultSingletonBeanRegistry.getSingleton(DefaultSingletonBeanRegistry.java:234) ~[spring-beans-6.1.12.jar:6.1.12]
	at org.springframework.beans.factory.support.AbstractBeanFactory.doGetBean(AbstractBeanFactory.java:335) ~[spring-beans-6.1.12.jar:6.1.12]
	at org.springframework.beans.factory.support.AbstractBeanFactory.getBean(AbstractBeanFactory.java:205) ~[spring-beans-6.1.12.jar:6.1.12]
	at org.springframework.context.support.AbstractApplicationContext.finishBeanFactoryInitialization(AbstractApplicationContext.java:954) ~[spring-context-6.1.12.jar:6.1.12]
	at org.springframework.context.support.AbstractApplicationContext.refresh(AbstractApplicationContext.java:625) ~[spring-context-6.1.12.jar:6.1.12]
	at org.springframework.boot.web.servlet.context.ServletWebServerApplicationContext.refresh(ServletWebServerApplicationContext.java:146) ~[spring-boot-3.2.9.jar:3.2.9]
	at org.springframework.boot.SpringApplication.refresh(SpringApplication.java:754) ~[spring-boot-3.2.9.jar:3.2.9]
	at org.springframework.boot.SpringApplication.refreshContext(SpringApplication.java:456) ~[spring-boot-3.2.9.jar:3.2.9]
	at org.springframework.boot.SpringApplication.run(SpringApplication.java:335) ~[spring-boot-3.2.9.jar:3.2.9]
	at org.springframework.boot.SpringApplication.run(SpringApplication.java:1363) ~[spring-boot-3.2.9.jar:3.2.9]
	at org.springframework.boot.SpringApplication.run(SpringApplication.java:1352) ~[spring-boot-3.2.9.jar:3.2.9]
	at com.My.HotelBooking.HotelBookingApplication.main(HotelBookingApplication.java:10) ~[classes/:na]
Caused by: jakarta.persistence.PersistenceException: [PersistenceUnit: default] Unable to build Hibernate SessionFactory; nested exception is org.hibernate.exception.JDBCConnectionException: Unable to open JDBC Connection for DDL execution [Communications link failure

The last packet sent successfully to the server was 0 milliseconds ago. The driver has not received any packets from the server.] [n/a]
	at org.springframework.orm.jpa.AbstractEntityManagerFactoryBean.buildNativeEntityManagerFactory(AbstractEntityManagerFactoryBean.java:421) ~[spring-orm-6.1.12.jar:6.1.12]
	at org.springframework.orm.jpa.AbstractEntityManagerFactoryBean.afterPropertiesSet(AbstractEntityManagerFactoryBean.java:396) ~[spring-orm-6.1.12.jar:6.1.12]
	at org.springframework.orm.jpa.LocalContainerEntityManagerFactoryBean.afterPropertiesSet(LocalContainerEntityManagerFactoryBean.java:366) ~[spring-orm-6.1.12.jar:6.1.12]
	at org.springframework.beans.factory.support.AbstractAutowireCapableBeanFactory.invokeInitMethods(AbstractAutowireCapableBeanFactory.java:1853) ~[spring-beans-6.1.12.jar:6.1.12]
	at org.springframework.beans.factory.support.AbstractAutowireCapableBeanFactory.initializeBean(AbstractAutowireCapableBeanFactory.java:1802) ~[spring-beans-6.1.12.jar:6.1.12]
	... 15 common frames omitted
Caused by: org.hibernate.exception.JDBCConnectionException: Unable to open JDBC Connection for DDL execution [Communications link failure

The last packet sent successfully to the server was 0 milliseconds ago. The driver has not received any packets from the server.] [n/a]
	at org.hibernate.exception.internal.SQLStateConversionDelegate.convert(SQLStateConversionDelegate.java:100) ~[hibernate-core-6.4.10.Final.jar:6.4.10.Final]
	at org.hibernate.exception.internal.StandardSQLExceptionConverter.convert(StandardSQLExceptionConverter.java:58) ~[hibernate-core-6.4.10.Final.jar:6.4.10.Final]
	at org.hibernate.engine.jdbc.spi.SqlExceptionHelper.convert(SqlExceptionHelper.java:108) ~[hibernate-core-6.4.10.Final.jar:6.4.10.Final]
	at org.hibernate.engine.jdbc.spi.SqlExceptionHelper.convert(SqlExceptionHelper.java:94) ~[hibernate-core-6.4.10.Final.jar:6.4.10.Final]
	at org.hibernate.resource.transaction.backend.jdbc.internal.DdlTransactionIsolatorNonJtaImpl.getIsolatedConnection(DdlTransactionIsolatorNonJtaImpl.java:74) ~[hibernate-core-6.4.10.Final.jar:6.4.10.Final]
	at org.hibernate.resource.transaction.backend.jdbc.internal.DdlTransactionIsolatorNonJtaImpl.getIsolatedConnection(DdlTransactionIsolatorNonJtaImpl.java:39) ~[hibernate-core-6.4.10.Final.jar:6.4.10.Final]
	at org.hibernate.tool.schema.internal.exec.ImprovedExtractionContextImpl.getJdbcConnection(ImprovedExtractionContextImpl.java:63) ~[hibernate-core-6.4.10.Final.jar:6.4.10.Final]
	at org.hibernate.tool.schema.internal.exec.ImprovedExtractionContextImpl.getJdbcDatabaseMetaData(ImprovedExtractionContextImpl.java:70) ~[hibernate-core-6.4.10.Final.jar:6.4.10.Final]
	at org.hibernate.tool.schema.extract.internal.InformationExtractorJdbcDatabaseMetaDataImpl.processTableResultSet(InformationExtractorJdbcDatabaseMetaDataImpl.java:64) ~[hibernate-core-6.4.10.Final.jar:6.4.10.Final]
	at org.hibernate.tool.schema.extract.internal.AbstractInformationExtractorImpl.getTables(AbstractInformationExtractorImpl.java:570) ~[hibernate-core-6.4.10.Final.jar:6.4.10.Final]
	at org.hibernate.tool.schema.extract.internal.DatabaseInformationImpl.getTablesInformation(DatabaseInformationImpl.java:122) ~[hibernate-core-6.4.10.Final.jar:6.4.10.Final]
	at org.hibernate.tool.schema.internal.GroupedSchemaMigratorImpl.performTablesMigration(GroupedSchemaMigratorImpl.java:72) ~[hibernate-core-6.4.10.Final.jar:6.4.10.Final]
	at org.hibernate.tool.schema.internal.AbstractSchemaMigrator.performMigration(AbstractSchemaMigrator.java:232) ~[hibernate-core-6.4.10.Final.jar:6.4.10.Final]
	at org.hibernate.tool.schema.internal.AbstractSchemaMigrator.doMigration(AbstractSchemaMigrator.java:117) ~[hibernate-core-6.4.10.Final.jar:6.4.10.Final]
	at org.hibernate.tool.schema.spi.SchemaManagementToolCoordinator.performDatabaseAction(SchemaManagementToolCoordinator.java:280) ~[hibernate-core-6.4.10.Final.jar:6.4.10.Final]
	at org.hibernate.tool.schema.spi.SchemaManagementToolCoordinator.lambda$process$5(SchemaManagementToolCoordinator.java:144) ~[hibernate-core-6.4.10.Final.jar:6.4.10.Final]
	at java.base/java.util.HashMap.forEach(HashMap.java:1429) ~[na:na]
	at org.hibernate.tool.schema.spi.SchemaManagementToolCoordinator.process(SchemaManagementToolCoordinator.java:141) ~[hibernate-core-6.4.10.Final.jar:6.4.10.Final]
	at org.hibernate.boot.internal.SessionFactoryObserverForSchemaExport.sessionFactoryCreated(SessionFactoryObserverForSchemaExport.java:37) ~[hibernate-core-6.4.10.Final.jar:6.4.10.Final]
	at org.hibernate.internal.SessionFactoryObserverChain.sessionFactoryCreated(SessionFactoryObserverChain.java:35) ~[hibernate-core-6.4.10.Final.jar:6.4.10.Final]
	at org.hibernate.internal.SessionFactoryImpl.<init>(SessionFactoryImpl.java:315) ~[hibernate-core-6.4.10.Final.jar:6.4.10.Final]
	at org.hibernate.boot.internal.SessionFactoryBuilderImpl.build(SessionFactoryBuilderImpl.java:450) ~[hibernate-core-6.4.10.Final.jar:6.4.10.Final]
	at org.hibernate.jpa.boot.internal.EntityManagerFactoryBuilderImpl.build(EntityManagerFactoryBuilderImpl.java:1507) ~[hibernate-core-6.4.10.Final.jar:6.4.10.Final]
	at org.springframework.orm.jpa.vendor.SpringHibernateJpaPersistenceProvider.createContainerEntityManagerFactory(SpringHibernateJpaPersistenceProvider.java:75) ~[spring-orm-6.1.12.jar:6.1.12]
	at org.springframework.orm.jpa.LocalContainerEntityManagerFactoryBean.createNativeEntityManagerFactory(LocalContainerEntityManagerFactoryBean.java:390) ~[spring-orm-6.1.12.jar:6.1.12]
	at org.springframework.orm.jpa.AbstractEntityManagerFactoryBean.buildNativeEntityManagerFactory(AbstractEntityManagerFactoryBean.java:409) ~[spring-orm-6.1.12.jar:6.1.12]
	... 19 common frames omitted
Caused by: com.mysql.cj.jdbc.exceptions.CommunicationsException: Communications link failure

The last packet sent successfully to the server was 0 milliseconds ago. The driver has not received any packets from the server.
	at com.mysql.cj.jdbc.exceptions.SQLError.createCommunicationsException(SQLError.java:174) ~[mysql-connector-j-8.3.0.jar:8.3.0]
	at com.mysql.cj.jdbc.exceptions.SQLExceptionsMapping.translateException(SQLExceptionsMapping.java:64) ~[mysql-connector-j-8.3.0.jar:8.3.0]
	at com.mysql.cj.jdbc.ConnectionImpl.createNewIO(ConnectionImpl.java:815) ~[mysql-connector-j-8.3.0.jar:8.3.0]
	at com.mysql.cj.jdbc.ConnectionImpl.<init>(ConnectionImpl.java:438) ~[mysql-connector-j-8.3.0.jar:8.3.0]
	at com.mysql.cj.jdbc.ConnectionImpl.getInstance(ConnectionImpl.java:241) ~[mysql-connector-j-8.3.0.jar:8.3.0]
	at com.mysql.cj.jdbc.NonRegisteringDriver.connect(NonRegisteringDriver.java:189) ~[mysql-connector-j-8.3.0.jar:8.3.0]
	at com.zaxxer.hikari.util.DriverDataSource.getConnection(DriverDataSource.java:138) ~[HikariCP-5.0.1.jar:na]
	at com.zaxxer.hikari.pool.PoolBase.newConnection(PoolBase.java:359) ~[HikariCP-5.0.1.jar:na]
	at com.zaxxer.hikari.pool.PoolBase.newPoolEntry(PoolBase.java:201) ~[HikariCP-5.0.1.jar:na]
	at com.zaxxer.hikari.pool.HikariPool.createPoolEntry(HikariPool.java:470) ~[HikariCP-5.0.1.jar:na]
	at com.zaxxer.hikari.pool.HikariPool.checkFailFast(HikariPool.java:561) ~[HikariCP-5.0.1.jar:na]
	at com.zaxxer.hikari.pool.HikariPool.<init>(HikariPool.java:100) ~[HikariCP-5.0.1.jar:na]
	at com.zaxxer.hikari.HikariDataSource.getConnection(HikariDataSource.java:112) ~[HikariCP-5.0.1.jar:na]
	at org.hibernate.engine.jdbc.connections.internal.DatasourceConnectionProviderImpl.getConnection(DatasourceConnectionProviderImpl.java:122) ~[hibernate-core-6.4.10.Final.jar:6.4.10.Final]
	at org.hibernate.engine.jdbc.env.internal.JdbcEnvironmentInitiator$ConnectionProviderJdbcConnectionAccess.obtainConnection(JdbcEnvironmentInitiator.java:428) ~[hibernate-core-6.4.10.Final.jar:6.4.10.Final]
	at org.hibernate.resource.transaction.backend.jdbc.internal.DdlTransactionIsolatorNonJtaImpl.getIsolatedConnection(DdlTransactionIsolatorNonJtaImpl.java:46) ~[hibernate-core-6.4.10.Final.jar:6.4.10.Final]
	... 40 common frames omitted
Caused by: com.mysql.cj.exceptions.CJCommunicationsException: Communications link failure

The last packet sent successfully to the server was 0 milliseconds ago. The driver has not received any packets from the server.
	at java.base/jdk.internal.reflect.DirectConstructorHandleAccessor.newInstance(DirectConstructorHandleAccessor.java:62) ~[na:na]
	at java.base/java.lang.reflect.Constructor.newInstanceWithCaller(Constructor.java:502) ~[na:na]
	at java.base/java.lang.reflect.Constructor.newInstance(Constructor.java:486) ~[na:na]
	at com.mysql.cj.exceptions.ExceptionFactory.createException(ExceptionFactory.java:61) ~[mysql-connector-j-8.3.0.jar:8.3.0]
	at com.mysql.cj.exceptions.ExceptionFactory.createException(ExceptionFactory.java:104) ~[mysql-connector-j-8.3.0.jar:8.3.0]
	at com.mysql.cj.exceptions.ExceptionFactory.createException(ExceptionFactory.java:149) ~[mysql-connector-j-8.3.0.jar:8.3.0]
	at com.mysql.cj.exceptions.ExceptionFactory.createCommunicationsException(ExceptionFactory.java:165) ~[mysql-connector-j-8.3.0.jar:8.3.0]
	at com.mysql.cj.protocol.a.NativeSocketConnection.connect(NativeSocketConnection.java:88) ~[mysql-connector-j-8.3.0.jar:8.3.0]
	at com.mysql.cj.NativeSession.connect(NativeSession.java:120) ~[mysql-connector-j-8.3.0.jar:8.3.0]
	at com.mysql.cj.jdbc.ConnectionImpl.connectOneTryOnly(ConnectionImpl.java:935) ~[mysql-connector-j-8.3.0.jar:8.3.0]
	at com.mysql.cj.jdbc.ConnectionImpl.createNewIO(ConnectionImpl.java:805) ~[mysql-connector-j-8.3.0.jar:8.3.0]
	... 53 common frames omitted
Caused by: java.net.ConnectException: Connection refused: no further information
	at java.base/sun.nio.ch.Net.pollConnect(Native Method) ~[na:na]
	at java.base/sun.nio.ch.Net.pollConnectNow(Net.java:682) ~[na:na]
	at java.base/sun.nio.ch.NioSocketImpl.timedFinishConnect(NioSocketImpl.java:542) ~[na:na]
	at java.base/sun.nio.ch.NioSocketImpl.connect(NioSocketImpl.java:592) ~[na:na]
	at java.base/java.net.SocksSocketImpl.connect(SocksSocketImpl.java:327) ~[na:na]
	at java.base/java.net.Socket.connect(Socket.java:751) ~[na:na]
	at com.mysql.cj.protocol.StandardSocketFactory.connect(StandardSocketFactory.java:153) ~[mysql-connector-j-8.3.0.jar:8.3.0]
	at com.mysql.cj.protocol.a.NativeSocketConnection.connect(NativeSocketConnection.java:62) ~[mysql-connector-j-8.3.0.jar:8.3.0]
	... 56 common frames omitted

2024-09-14T09:23:57.384+05:30  INFO 4728 --- [HotelBooking] [main] c.M.H.HotelBookingApplication            : Starting HotelBookingApplication using Java 21 with PID 4728 (C:\Users\admin\IdeaProjects\HotelBooking\target\classes started by admin in C:\Users\admin\IdeaProjects\HotelBooking)
2024-09-14T09:23:57.387+05:30  INFO 4728 --- [HotelBooking] [main] c.M.H.HotelBookingApplication            : No active profile set, falling back to 1 default profile: "default"
2024-09-14T09:23:58.253+05:30  INFO 4728 --- [HotelBooking] [main] .s.d.r.c.RepositoryConfigurationDelegate : Bootstrapping Spring Data JPA repositories in DEFAULT mode.
2024-09-14T09:23:58.363+05:30  INFO 4728 --- [HotelBooking] [main] .s.d.r.c.RepositoryConfigurationDelegate : Finished Spring Data repository scanning in 95 ms. Found 5 JPA repository interfaces.
2024-09-14T09:23:59.087+05:30  INFO 4728 --- [HotelBooking] [main] o.s.b.w.embedded.tomcat.TomcatWebServer  : Tomcat initialized with port 8080 (http)
2024-09-14T09:23:59.103+05:30  INFO 4728 --- [HotelBooking] [main] o.apache.catalina.core.StandardService   : Starting service [Tomcat]
2024-09-14T09:23:59.104+05:30  INFO 4728 --- [HotelBooking] [main] o.apache.catalina.core.StandardEngine    : Starting Servlet engine: [Apache Tomcat/10.1.28]
2024-09-14T09:23:59.176+05:30  INFO 4728 --- [HotelBooking] [main] o.a.c.c.C.[.[localhost].[/HotelHub]      : Initializing Spring embedded WebApplicationContext
2024-09-14T09:23:59.177+05:30  INFO 4728 --- [HotelBooking] [main] w.s.c.ServletWebServerApplicationContext : Root WebApplicationContext: initialization completed in 1724 ms
2024-09-14T09:23:59.390+05:30  INFO 4728 --- [HotelBooking] [main] o.hibernate.jpa.internal.util.LogHelper  : HHH000204: Processing PersistenceUnitInfo [name: default]
2024-09-14T09:23:59.516+05:30  INFO 4728 --- [HotelBooking] [main] org.hibernate.Version                    : HHH000412: Hibernate ORM core version 6.4.10.Final
2024-09-14T09:23:59.560+05:30  INFO 4728 --- [HotelBooking] [main] o.h.c.internal.RegionFactoryInitiator    : HHH000026: Second-level cache disabled
2024-09-14T09:23:59.839+05:30  INFO 4728 --- [HotelBooking] [main] o.s.o.j.p.SpringPersistenceUnitInfo      : No LoadTimeWeaver setup: ignoring JPA class transformer
2024-09-14T09:23:59.866+05:30  INFO 4728 --- [HotelBooking] [main] com.zaxxer.hikari.HikariDataSource       : HikariPool-1 - Starting...
2024-09-14T09:24:00.067+05:30  INFO 4728 --- [HotelBooking] [main] com.zaxxer.hikari.pool.HikariPool        : HikariPool-1 - Added connection com.mysql.cj.jdbc.ConnectionImpl@7e0f9528
2024-09-14T09:24:00.070+05:30  INFO 4728 --- [HotelBooking] [main] com.zaxxer.hikari.HikariDataSource       : HikariPool-1 - Start completed.
2024-09-14T09:24:00.117+05:30  WARN 4728 --- [HotelBooking] [main] org.hibernate.dialect.Dialect            : HHH000511: The 5.5.0 version for [org.hibernate.dialect.MySQLDialect] is no longer supported, hence certain features may not work properly. The minimum supported version is 8.0.0. Check the community dialects project for available legacy versions.
2024-09-14T09:24:00.122+05:30  WARN 4728 --- [HotelBooking] [main] org.hibernate.orm.deprecation            : HHH90000025: MySQLDialect does not need to be specified explicitly using 'hibernate.dialect' (remove the property setting and it will be selected by default)
2024-09-14T09:24:01.110+05:30  INFO 4728 --- [HotelBooking] [main] o.h.e.t.j.p.i.JtaPlatformInitiator       : HHH000489: No JTA platform available (set 'hibernate.transaction.jta.platform' to enable JTA platform integration)
2024-09-14T09:24:01.205+05:30 DEBUG 4728 --- [HotelBooking] [main] org.hibernate.SQL                        : 
    create table users (
        id bigint not null auto_increment,
        email varchar(255) not null,
        name varchar(255) not null,
        password varchar(255) not null,
        primary key (id)
    ) engine=InnoDB
2024-09-14T09:24:01.221+05:30 DEBUG 4728 --- [HotelBooking] [main] org.hibernate.SQL                        : 
    alter table users 
       drop index UK_6dotkott2kjsp8vw4d0m25fb7
2024-09-14T09:24:01.253+05:30 DEBUG 4728 --- [HotelBooking] [main] org.hibernate.SQL                        : 
    alter table users 
       add constraint UK_6dotkott2kjsp8vw4d0m25fb7 unique (email)
2024-09-14T09:24:01.335+05:30  INFO 4728 --- [HotelBooking] [main] j.LocalContainerEntityManagerFactoryBean : Initialized JPA EntityManagerFactory for persistence unit 'default'
2024-09-14T09:24:01.683+05:30  INFO 4728 --- [HotelBooking] [main] o.s.d.j.r.query.QueryEnhancerFactory     : Hibernate is in classpath; If applicable, HQL parser will be used.
2024-09-14T09:24:02.307+05:30  WARN 4728 --- [HotelBooking] [main] JpaBaseConfiguration$JpaWebConfiguration : spring.jpa.open-in-view is enabled by default. Therefore, database queries may be performed during view rendering. Explicitly configure spring.jpa.open-in-view to disable this warning
2024-09-14T09:24:02.803+05:30  INFO 4728 --- [HotelBooking] [main] o.s.b.w.embedded.tomcat.TomcatWebServer  : Tomcat started on port 8080 (http) with context path '/HotelHub'
2024-09-14T09:24:02.816+05:30  INFO 4728 --- [HotelBooking] [main] c.M.H.HotelBookingApplication            : Started HotelBookingApplication in 5.997 seconds (process running for 6.518)
2024-09-14T09:58:13.147+05:30  INFO 4728 --- [HotelBooking] [SpringApplicationShutdownHook] j.LocalContainerEntityManagerFactoryBean : Closing JPA EntityManagerFactory for persistence unit 'default'
2024-09-14T09:58:13.150+05:30  INFO 4728 --- [HotelBooking] [SpringApplicationShutdownHook] com.zaxxer.hikari.HikariDataSource       : HikariPool-1 - Shutdown initiated...
2024-09-14T09:58:13.153+05:30  INFO 4728 --- [HotelBooking] [SpringApplicationShutdownHook] com.zaxxer.hikari.HikariDataSource       : HikariPool-1 - Shutdown completed.
